#
# There is insufficient memory for the Java Runtime Environment to continue.
# Native memory allocation (malloc) failed to allocate 1952560 bytes for Chunk::new
# Possible reasons:
#   The system is out of physical RAM or swap space
#   The process is running with CompressedOops enabled, and the Java Heap may be blocking the growth of the native heap
# Possible solutions:
#   Reduce memory load on the system
#   Increase physical memory or swap space
#   Check if swap backing store is full
#   Decrease Java heap size (-Xmx/-Xms)
#   Decrease number of Java threads
#   Decrease Java thread stack sizes (-Xss)
#   Set larger code cache with -XX:ReservedCodeCacheSize=
#   JVM is running with Unscaled Compressed Oops mode in which the Java heap is
#     placed in the first 4GB address space. The Java Heap base address is the
#     maximum limit for the native heap growth. Please use -XX:HeapBaseMinAddress
#     to set the Java Heap base and to place the Java Heap above 4GB virtual address.
# This output file may be truncated or incomplete.
#
#  Out of Memory Error (arena.cpp:189), pid=5712, tid=4652
#
# JRE version: OpenJDK Runtime Environment (17.0.6) (build 17.0.6+0-b2043.56-9586694)
# Java VM: OpenJDK 64-Bit Server VM (17.0.6+0-b2043.56-9586694, mixed mode, tiered, compressed oops, compressed class ptrs, g1 gc, windows-amd64)
# No core dump will be written. Minidumps are not enabled by default on client versions of Windows
#

---------------  S U M M A R Y ------------

Command Line: --add-opens=java.base/java.util=ALL-UNNAMED --add-opens=java.base/java.lang=ALL-UNNAMED --add-opens=java.base/java.lang.invoke=ALL-UNNAMED --add-opens=java.base/java.util=ALL-UNNAMED --add-opens=java.prefs/java.util.prefs=ALL-UNNAMED --add-opens=java.prefs/java.util.prefs=ALL-UNNAMED --add-opens=java.base/java.nio.charset=ALL-UNNAMED --add-opens=java.base/java.net=ALL-UNNAMED --add-opens=java.base/java.util.concurrent.atomic=ALL-UNNAMED -Xmx1024m -Dfile.encoding=windows-1252 -Duser.country=IN -Duser.language=en -Duser.variant org.gradle.launcher.daemon.bootstrap.GradleDaemon 7.5

Host: AMD Ryzen 3 3250U with Radeon Graphics         , 4 cores, 5G,  Windows 11 , 64 bit Build 22621 (10.0.22621.1485)
Time: Sat Apr 29 16:45:56 2023 India Standard Time elapsed time: 11.320257 seconds (0d 0h 0m 11s)

---------------  T H R E A D  ---------------

Current thread (0x000002a3ee84c040):  JavaThread "C2 CompilerThread0" daemon [_thread_in_native, id=4652, stack(0x000000ba3d000000,0x000000ba3d100000)]


Current CompileTask:
C2:  11320 2709   !   4       java.lang.ClassLoader::loadClass (121 bytes)

Stack: [0x000000ba3d000000,0x000000ba3d100000]
Native frames: (J=compiled Java code, j=interpreted, Vv=VM code, C=native code)
V  [jvm.dll+0x683b4a]
V  [jvm.dll+0x842654]
V  [jvm.dll+0x843dfe]
V  [jvm.dll+0x844463]
V  [jvm.dll+0x249b75]
V  [jvm.dll+0xabcac]
V  [jvm.dll+0xac27c]
V  [jvm.dll+0x368857]
V  [jvm.dll+0x1bd0b8]
V  [jvm.dll+0x21c359]
V  [jvm.dll+0x21b621]
V  [jvm.dll+0x1a4fdd]
V  [jvm.dll+0x22b098]
V  [jvm.dll+0x229159]
V  [jvm.dll+0x7f809c]
V  [jvm.dll+0x7f25fa]
V  [jvm.dll+0x682985]
C  [ucrtbase.dll+0x29363]
C  [KERNEL32.DLL+0x1269d]
C  [ntdll.dll+0x5a9f8]


---------------  P R O C E S S  ---------------

Threads class SMR info:
_java_thread_list=0x000002a3f23391f0, length=35, elements={
0x000002a3d7879be0, 0x000002a3ee7fd5b0, 0x000002a3ee7fe160, 0x000002a3ee847590,
0x000002a3ee847f40, 0x000002a3ee84a900, 0x000002a3ee84b2b0, 0x000002a3ee84c040,
0x000002a3ef408070, 0x000002a3ef40fdc0, 0x000002a3ef58c010, 0x000002a3ef5ae500,
0x000002a3f0a65520, 0x000002a3f080f8f0, 0x000002a3f035b010, 0x000002a3f043deb0,
0x000002a3f0540480, 0x000002a3f0cd0ad0, 0x000002a3f0cd3af0, 0x000002a3f0cd3150,
0x000002a3f0cd1940, 0x000002a3f0cd1470, 0x000002a3f0cd27b0, 0x000002a3f0cd0fa0,
0x000002a3f0cd2c80, 0x000002a3f0cd0130, 0x000002a3f0cd1e10, 0x000002a3f0cd22e0,
0x000002a3f1c4ff60, 0x000002a3f1c4ec20, 0x000002a3f1c53450, 0x000002a3f1cb3e00,
0x000002a3f1c4ca70, 0x000002a3f1c4c5a0, 0x000002a3f1c50430
}

Java Threads: ( => current thread )
  0x000002a3d7879be0 JavaThread "main" [_thread_blocked, id=11004, stack(0x000000ba3c200000,0x000000ba3c300000)]
  0x000002a3ee7fd5b0 JavaThread "Reference Handler" daemon [_thread_blocked, id=2064, stack(0x000000ba3ca00000,0x000000ba3cb00000)]
  0x000002a3ee7fe160 JavaThread "Finalizer" daemon [_thread_blocked, id=12568, stack(0x000000ba3cb00000,0x000000ba3cc00000)]
  0x000002a3ee847590 JavaThread "Signal Dispatcher" daemon [_thread_blocked, id=8304, stack(0x000000ba3cc00000,0x000000ba3cd00000)]
  0x000002a3ee847f40 JavaThread "Attach Listener" daemon [_thread_blocked, id=7224, stack(0x000000ba3cd00000,0x000000ba3ce00000)]
  0x000002a3ee84a900 JavaThread "Service Thread" daemon [_thread_blocked, id=6008, stack(0x000000ba3ce00000,0x000000ba3cf00000)]
  0x000002a3ee84b2b0 JavaThread "Monitor Deflation Thread" daemon [_thread_blocked, id=4852, stack(0x000000ba3cf00000,0x000000ba3d000000)]
=>0x000002a3ee84c040 JavaThread "C2 CompilerThread0" daemon [_thread_in_native, id=4652, stack(0x000000ba3d000000,0x000000ba3d100000)]
  0x000002a3ef408070 JavaThread "C1 CompilerThread0" daemon [_thread_in_native, id=2028, stack(0x000000ba3d100000,0x000000ba3d200000)]
  0x000002a3ef40fdc0 JavaThread "Sweeper thread" daemon [_thread_blocked, id=12736, stack(0x000000ba3d200000,0x000000ba3d300000)]
  0x000002a3ef58c010 JavaThread "Common-Cleaner" daemon [_thread_blocked, id=2480, stack(0x000000ba3d300000,0x000000ba3d400000)]
  0x000002a3ef5ae500 JavaThread "Notification Thread" daemon [_thread_blocked, id=6580, stack(0x000000ba3d400000,0x000000ba3d500000)]
  0x000002a3f0a65520 JavaThread "Daemon health stats" [_thread_blocked, id=12920, stack(0x000000ba3d600000,0x000000ba3d700000)]
  0x000002a3f080f8f0 JavaThread "Incoming local TCP Connector on port 55016" [_thread_in_native, id=10192, stack(0x000000ba3da00000,0x000000ba3db00000)]
  0x000002a3f035b010 JavaThread "Daemon periodic checks" [_thread_blocked, id=11248, stack(0x000000ba3db00000,0x000000ba3dc00000)]
  0x000002a3f043deb0 JavaThread "Daemon" [_thread_blocked, id=4248, stack(0x000000ba3dc00000,0x000000ba3dd00000)]
  0x000002a3f0540480 JavaThread "Handler for socket connection from /127.0.0.1:55016 to /127.0.0.1:55017" [_thread_in_native, id=13256, stack(0x000000ba3dd00000,0x000000ba3de00000)]
  0x000002a3f0cd0ad0 JavaThread "Cancel handler" [_thread_blocked, id=3460, stack(0x000000ba3de00000,0x000000ba3df00000)]
  0x000002a3f0cd3af0 JavaThread "Daemon worker" [_thread_in_Java, id=9424, stack(0x000000ba3df00000,0x000000ba3e000000)]
  0x000002a3f0cd3150 JavaThread "Asynchronous log dispatcher for DefaultDaemonConnection: socket connection from /127.0.0.1:55016 to /127.0.0.1:55017" [_thread_blocked, id=8244, stack(0x000000ba3e000000,0x000000ba3e100000)]
  0x000002a3f0cd1940 JavaThread "Stdin handler" [_thread_blocked, id=12660, stack(0x000000ba3e100000,0x000000ba3e200000)]
  0x000002a3f0cd1470 JavaThread "Daemon client event forwarder" [_thread_blocked, id=9760, stack(0x000000ba3e200000,0x000000ba3e300000)]
  0x000002a3f0cd27b0 JavaThread "Cache worker for journal cache (C:\Users\lenovo\.gradle\caches\journal-1)" [_thread_blocked, id=9192, stack(0x000000ba3e300000,0x000000ba3e400000)]
  0x000002a3f0cd0fa0 JavaThread "File lock request listener" [_thread_in_native, id=6188, stack(0x000000ba3e400000,0x000000ba3e500000)]
  0x000002a3f0cd2c80 JavaThread "Cache worker for file hash cache (C:\Users\lenovo\.gradle\caches\7.5\fileHashes)" [_thread_blocked, id=12268, stack(0x000000ba3e500000,0x000000ba3e600000)]
  0x000002a3f0cd0130 JavaThread "File watcher server" daemon [_thread_in_native, id=12764, stack(0x000000ba3e700000,0x000000ba3e800000)]
  0x000002a3f0cd1e10 JavaThread "File watcher consumer" daemon [_thread_blocked, id=12592, stack(0x000000ba3e800000,0x000000ba3e900000)]
  0x000002a3f0cd22e0 JavaThread "jar transforms" [_thread_blocked, id=9036, stack(0x000000ba3e600000,0x000000ba3e700000)]
  0x000002a3f1c4ff60 JavaThread "jar transforms Thread 2" [_thread_blocked, id=7448, stack(0x000000ba3e900000,0x000000ba3ea00000)]
  0x000002a3f1c4ec20 JavaThread "jar transforms Thread 3" [_thread_blocked, id=11372, stack(0x000000ba3ea00000,0x000000ba3eb00000)]
  0x000002a3f1c53450 JavaThread "jar transforms Thread 4" [_thread_blocked, id=13172, stack(0x000000ba3eb00000,0x000000ba3ec00000)]
  0x000002a3f1cb3e00 JavaThread "C2 CompilerThread1" daemon [_thread_blocked, id=6612, stack(0x000000ba3ec00000,0x000000ba3ed00000)]
  0x000002a3f1c4ca70 JavaThread "Cache worker for checksums cache (C:\Users\lenovo\Desktop\Billing_App\.gradle\7.5\checksums)" [_thread_blocked, id=6756, stack(0x000000ba3ed00000,0x000000ba3ee00000)]
  0x000002a3f1c4c5a0 JavaThread "Cache worker for cache directory md-rule (C:\Users\lenovo\.gradle\caches\7.5\md-rule)" [_thread_blocked, id=12240, stack(0x000000ba3ee00000,0x000000ba3ef00000)]
  0x000002a3f1c50430 JavaThread "Cache worker for file content cache (C:\Users\lenovo\.gradle\caches\7.5\fileContent)" [_thread_blocked, id=7424, stack(0x000000ba3ef00000,0x000000ba3f000000)]

Other Threads:
  0x000002a3ee7f87c0 VMThread "VM Thread" [stack: 0x000000ba3c900000,0x000000ba3ca00000] [id=4912]
  0x000002a3ef5113d0 WatcherThread [stack: 0x000000ba3d500000,0x000000ba3d600000] [id=11548]
  0x000002a3d78b5a80 GCTaskThread "GC Thread#0" [stack: 0x000000ba3c400000,0x000000ba3c500000] [id=13168]
  0x000002a3ef7fed20 GCTaskThread "GC Thread#1" [stack: 0x000000ba3d700000,0x000000ba3d800000] [id=11000]
  0x000002a3ef742340 GCTaskThread "GC Thread#2" [stack: 0x000000ba3d800000,0x000000ba3d900000] [id=10448]
  0x000002a3efcab520 GCTaskThread "GC Thread#3" [stack: 0x000000ba3d900000,0x000000ba3da00000] [id=556]
  0x000002a3d78be9c0 ConcurrentGCThread "G1 Main Marker" [stack: 0x000000ba3c500000,0x000000ba3c600000] [id=7380]
  0x000002a3d78c0540 ConcurrentGCThread "G1 Conc#0" [stack: 0x000000ba3c600000,0x000000ba3c700000] [id=7792]
  0x000002a3d7923a20 ConcurrentGCThread "G1 Refine#0" [stack: 0x000000ba3c700000,0x000000ba3c800000] [id=5392]
  0x000002a3d79265b0 ConcurrentGCThread "G1 Service" [stack: 0x000000ba3c800000,0x000000ba3c900000] [id=1720]

Threads with active compile tasks:
C2 CompilerThread0    11341 2709   !   4       java.lang.ClassLoader::loadClass (121 bytes)
C1 CompilerThread0    11341 2858       1       java.lang.reflect.Method::getSharedExceptionTypes (5 bytes)

VM state: not at safepoint (normal execution)

VM Mutex/Monitor currently owned by a thread: None

Heap address: 0x00000000c0000000, size: 1024 MB, Compressed Oops mode: 32-bit

CDS archive(s) not mapped
Compressed class space mapped at: 0x0000000100000000-0x0000000140000000, reserved size: 1073741824
Narrow klass base: 0x0000000000000000, Narrow klass shift: 3, Narrow klass range: 0x140000000

GC Precious Log:
 CPUs: 4 total, 4 available
 Memory: 6020M
 Large Page Support: Disabled
 NUMA Support: Disabled
 Compressed Oops: Enabled (32-bit)
 Heap Region Size: 1M
 Heap Min Capacity: 8M
 Heap Initial Capacity: 96M
 Heap Max Capacity: 1G
 Pre-touch: Disabled
 Parallel Workers: 4
 Concurrent Workers: 1
 Concurrent Refinement Workers: 4
 Periodic GC: Disabled

Heap:
 garbage-first heap   total 113664K, used 63018K [0x00000000c0000000, 0x0000000100000000)
  region size 1024K, 11 young (11264K), 1 survivors (1024K)
 Metaspace       used 31861K, committed 32256K, reserved 1081344K
  class space    used 4375K, committed 4544K, reserved 1048576K

Heap Regions: E=young(eden), S=young(survivor), O=old, HS=humongous(starts), HC=humongous(continues), CS=collection set, F=free, OA=open archive, CA=closed archive, TAMS=top-at-mark-start (previous, next)
|   0|0x00000000c0000000, 0x00000000c0100000, 0x00000000c0100000|100%|HS|  |TAMS 0x00000000c0100000, 0x00000000c0000000| Complete 
|   1|0x00000000c0100000, 0x00000000c0200000, 0x00000000c0200000|100%|HC|  |TAMS 0x00000000c0200000, 0x00000000c0100000| Complete 
|   2|0x00000000c0200000, 0x00000000c0300000, 0x00000000c0300000|100%|HC|  |TAMS 0x00000000c0300000, 0x00000000c0200000| Complete 
|   3|0x00000000c0300000, 0x00000000c0400000, 0x00000000c0400000|100%| O|  |TAMS 0x00000000c0400000, 0x00000000c0300000| Untracked 
|   4|0x00000000c0400000, 0x00000000c0500000, 0x00000000c0500000|100%| O|  |TAMS 0x00000000c0500000, 0x00000000c0400000| Untracked 
|   5|0x00000000c0500000, 0x00000000c0600000, 0x00000000c0600000|100%| O|  |TAMS 0x00000000c0600000, 0x00000000c0500000| Untracked 
|   6|0x00000000c0600000, 0x00000000c0700000, 0x00000000c0700000|100%| O|  |TAMS 0x00000000c0700000, 0x00000000c0600000| Untracked 
|   7|0x00000000c0700000, 0x00000000c0800000, 0x00000000c0800000|100%| O|  |TAMS 0x00000000c0800000, 0x00000000c0700000| Untracked 
|   8|0x00000000c0800000, 0x00000000c0900000, 0x00000000c0900000|100%| O|  |TAMS 0x00000000c0900000, 0x00000000c0800000| Untracked 
|   9|0x00000000c0900000, 0x00000000c0a00000, 0x00000000c0a00000|100%| O|  |TAMS 0x00000000c0a00000, 0x00000000c0900000| Untracked 
|  10|0x00000000c0a00000, 0x00000000c0b00000, 0x00000000c0b00000|100%| O|  |TAMS 0x00000000c0b00000, 0x00000000c0a00000| Untracked 
|  11|0x00000000c0b00000, 0x00000000c0c00000, 0x00000000c0c00000|100%| O|  |TAMS 0x00000000c0c00000, 0x00000000c0b00000| Untracked 
|  12|0x00000000c0c00000, 0x00000000c0c00000, 0x00000000c0d00000|  0%| F|  |TAMS 0x00000000c0c00000, 0x00000000c0c00000| Untracked 
|  13|0x00000000c0d00000, 0x00000000c0e00000, 0x00000000c0e00000|100%| O|  |TAMS 0x00000000c0e00000, 0x00000000c0d00000| Untracked 
|  14|0x00000000c0e00000, 0x00000000c0f00000, 0x00000000c0f00000|100%| O|  |TAMS 0x00000000c0f00000, 0x00000000c0e00000| Untracked 
|  15|0x00000000c0f00000, 0x00000000c1000000, 0x00000000c1000000|100%| O|  |TAMS 0x00000000c1000000, 0x00000000c0f00000| Untracked 
|  16|0x00000000c1000000, 0x00000000c1100000, 0x00000000c1100000|100%| O|  |TAMS 0x00000000c1100000, 0x00000000c1000000| Untracked 
|  17|0x00000000c1100000, 0x00000000c1200000, 0x00000000c1200000|100%| O|  |TAMS 0x00000000c1200000, 0x00000000c1100000| Untracked 
|  18|0x00000000c1200000, 0x00000000c1300000, 0x00000000c1300000|100%| O|  |TAMS 0x00000000c1300000, 0x00000000c1200000| Untracked 
|  19|0x00000000c1300000, 0x00000000c1400000, 0x00000000c1400000|100%| O|  |TAMS 0x00000000c1400000, 0x00000000c1300000| Untracked 
|  20|0x00000000c1400000, 0x00000000c1500000, 0x00000000c1500000|100%|HS|  |TAMS 0x00000000c1500000, 0x00000000c1400000| Complete 
|  21|0x00000000c1500000, 0x00000000c1600000, 0x00000000c1600000|100%|HC|  |TAMS 0x00000000c1600000, 0x00000000c1500000| Complete 
|  22|0x00000000c1600000, 0x00000000c1700000, 0x00000000c1700000|100%|HS|  |TAMS 0x00000000c1700000, 0x00000000c1600000| Complete 
|  23|0x00000000c1700000, 0x00000000c1800000, 0x00000000c1800000|100%|HC|  |TAMS 0x00000000c1800000, 0x00000000c1700000| Complete 
|  24|0x00000000c1800000, 0x00000000c1900000, 0x00000000c1900000|100%|HC|  |TAMS 0x00000000c1900000, 0x00000000c1800000| Complete 
|  25|0x00000000c1900000, 0x00000000c1a00000, 0x00000000c1a00000|100%|HS|  |TAMS 0x00000000c1a00000, 0x00000000c1900000| Complete 
|  26|0x00000000c1a00000, 0x00000000c1b00000, 0x00000000c1b00000|100%|HC|  |TAMS 0x00000000c1b00000, 0x00000000c1a00000| Complete 
|  27|0x00000000c1b00000, 0x00000000c1c00000, 0x00000000c1c00000|100%|HC|  |TAMS 0x00000000c1c00000, 0x00000000c1b00000| Complete 
|  28|0x00000000c1c00000, 0x00000000c1d00000, 0x00000000c1d00000|100%|HC|  |TAMS 0x00000000c1d00000, 0x00000000c1c00000| Complete 
|  29|0x00000000c1d00000, 0x00000000c1e00000, 0x00000000c1e00000|100%|HC|  |TAMS 0x00000000c1e00000, 0x00000000c1d00000| Complete 
|  30|0x00000000c1e00000, 0x00000000c1f00000, 0x00000000c1f00000|100%|HC|  |TAMS 0x00000000c1f00000, 0x00000000c1e00000| Complete 
|  31|0x00000000c1f00000, 0x00000000c2000000, 0x00000000c2000000|100%| O|  |TAMS 0x00000000c2000000, 0x00000000c1f00000| Untracked 
|  32|0x00000000c2000000, 0x00000000c2100000, 0x00000000c2100000|100%|HS|  |TAMS 0x00000000c2100000, 0x00000000c2000000| Complete 
|  33|0x00000000c2100000, 0x00000000c2200000, 0x00000000c2200000|100%|HS|  |TAMS 0x00000000c2200000, 0x00000000c2100000| Complete 
|  34|0x00000000c2200000, 0x00000000c2300000, 0x00000000c2300000|100%|HC|  |TAMS 0x00000000c2300000, 0x00000000c2200000| Complete 
|  35|0x00000000c2300000, 0x00000000c2400000, 0x00000000c2400000|100%|HS|  |TAMS 0x00000000c2400000, 0x00000000c2300000| Complete 
|  36|0x00000000c2400000, 0x00000000c2500000, 0x00000000c2500000|100%|HC|  |TAMS 0x00000000c2500000, 0x00000000c2400000| Complete 
|  37|0x00000000c2500000, 0x00000000c2600000, 0x00000000c2600000|100%|HC|  |TAMS 0x00000000c2600000, 0x00000000c2500000| Complete 
|  38|0x00000000c2600000, 0x00000000c2700000, 0x00000000c2700000|100%|HC|  |TAMS 0x00000000c2700000, 0x00000000c2600000| Complete 
|  39|0x00000000c2700000, 0x00000000c2800000, 0x00000000c2800000|100%|HC|  |TAMS 0x00000000c2800000, 0x00000000c2700000| Complete 
|  40|0x00000000c2800000, 0x00000000c2900000, 0x00000000c2900000|100%|HC|  |TAMS 0x00000000c2900000, 0x00000000c2800000| Complete 
|  41|0x00000000c2900000, 0x00000000c2a00000, 0x00000000c2a00000|100%|HC|  |TAMS 0x00000000c2a00000, 0x00000000c2900000| Complete 
|  42|0x00000000c2a00000, 0x00000000c2b00000, 0x00000000c2b00000|100%|HC|  |TAMS 0x00000000c2b00000, 0x00000000c2a00000| Complete 
|  43|0x00000000c2b00000, 0x00000000c2c00000, 0x00000000c2c00000|100%|HC|  |TAMS 0x00000000c2c00000, 0x00000000c2b00000| Complete 
|  44|0x00000000c2c00000, 0x00000000c2d00000, 0x00000000c2d00000|100%|HC|  |TAMS 0x00000000c2d00000, 0x00000000c2c00000| Complete 
|  45|0x00000000c2d00000, 0x00000000c2e00000, 0x00000000c2e00000|100%|HS|  |TAMS 0x00000000c2e00000, 0x00000000c2d00000| Complete 
|  46|0x00000000c2e00000, 0x00000000c2f00000, 0x00000000c2f00000|100%|HC|  |TAMS 0x00000000c2f00000, 0x00000000c2e00000| Complete 
|  47|0x00000000c2f00000, 0x00000000c3000000, 0x00000000c3000000|100%|HS|  |TAMS 0x00000000c3000000, 0x00000000c2f00000| Complete 
|  48|0x00000000c3000000, 0x00000000c3100000, 0x00000000c3100000|100%|HC|  |TAMS 0x00000000c3100000, 0x00000000c3000000| Complete 
|  49|0x00000000c3100000, 0x00000000c3200000, 0x00000000c3200000|100%|HC|  |TAMS 0x00000000c3200000, 0x00000000c3100000| Complete 
|  50|0x00000000c3200000, 0x00000000c3200000, 0x00000000c3300000|  0%| F|  |TAMS 0x00000000c3200000, 0x00000000c3200000| Untracked 
|  51|0x00000000c3300000, 0x00000000c3300000, 0x00000000c3400000|  0%| F|  |TAMS 0x00000000c3300000, 0x00000000c3300000| Untracked 
|  52|0x00000000c3400000, 0x00000000c3400000, 0x00000000c3500000|  0%| F|  |TAMS 0x00000000c3400000, 0x00000000c3400000| Untracked 
|  53|0x00000000c3500000, 0x00000000c3600000, 0x00000000c3600000|100%| O|  |TAMS 0x00000000c3600000, 0x00000000c3500000| Untracked 
|  54|0x00000000c3600000, 0x00000000c3700000, 0x00000000c3700000|100%| O|  |TAMS 0x00000000c3700000, 0x00000000c3600000| Complete 
|  55|0x00000000c3700000, 0x00000000c3800000, 0x00000000c3800000|100%| O|  |TAMS 0x00000000c3800000, 0x00000000c3700000| Untracked 
|  56|0x00000000c3800000, 0x00000000c3869000, 0x00000000c3900000| 41%| O|  |TAMS 0x00000000c3869000, 0x00000000c3800000| Untracked 
|  57|0x00000000c3900000, 0x00000000c3900000, 0x00000000c3a00000|  0%| F|  |TAMS 0x00000000c3900000, 0x00000000c3900000| Untracked 
|  58|0x00000000c3a00000, 0x00000000c3a00000, 0x00000000c3b00000|  0%| F|  |TAMS 0x00000000c3a00000, 0x00000000c3a00000| Untracked 
|  59|0x00000000c3b00000, 0x00000000c3b00000, 0x00000000c3c00000|  0%| F|  |TAMS 0x00000000c3b00000, 0x00000000c3b00000| Untracked 
|  60|0x00000000c3c00000, 0x00000000c3c21bb8, 0x00000000c3d00000| 13%| S|CS|TAMS 0x00000000c3c00000, 0x00000000c3c00000| Complete 
|  61|0x00000000c3d00000, 0x00000000c3d00000, 0x00000000c3e00000|  0%| F|  |TAMS 0x00000000c3d00000, 0x00000000c3d00000| Untracked 
|  62|0x00000000c3e00000, 0x00000000c3e00000, 0x00000000c3f00000|  0%| F|  |TAMS 0x00000000c3e00000, 0x00000000c3e00000| Untracked 
|  63|0x00000000c3f00000, 0x00000000c3f00000, 0x00000000c4000000|  0%| F|  |TAMS 0x00000000c3f00000, 0x00000000c3f00000| Untracked 
|  64|0x00000000c4000000, 0x00000000c4000000, 0x00000000c4100000|  0%| F|  |TAMS 0x00000000c4000000, 0x00000000c4000000| Untracked 
|  65|0x00000000c4100000, 0x00000000c4100000, 0x00000000c4200000|  0%| F|  |TAMS 0x00000000c4100000, 0x00000000c4100000| Untracked 
|  66|0x00000000c4200000, 0x00000000c4200000, 0x00000000c4300000|  0%| F|  |TAMS 0x00000000c4200000, 0x00000000c4200000| Untracked 
|  67|0x00000000c4300000, 0x00000000c4300000, 0x00000000c4400000|  0%| F|  |TAMS 0x00000000c4300000, 0x00000000c4300000| Untracked 
|  68|0x00000000c4400000, 0x00000000c4400000, 0x00000000c4500000|  0%| F|  |TAMS 0x00000000c4400000, 0x00000000c4400000| Untracked 
|  69|0x00000000c4500000, 0x00000000c4500000, 0x00000000c4600000|  0%| F|  |TAMS 0x00000000c4500000, 0x00000000c4500000| Untracked 
|  70|0x00000000c4600000, 0x00000000c4600000, 0x00000000c4700000|  0%| F|  |TAMS 0x00000000c4600000, 0x00000000c4600000| Untracked 
|  71|0x00000000c4700000, 0x00000000c4700000, 0x00000000c4800000|  0%| F|  |TAMS 0x00000000c4700000, 0x00000000c4700000| Untracked 
|  72|0x00000000c4800000, 0x00000000c4800000, 0x00000000c4900000|  0%| F|  |TAMS 0x00000000c4800000, 0x00000000c4800000| Untracked 
|  73|0x00000000c4900000, 0x00000000c4900000, 0x00000000c4a00000|  0%| F|  |TAMS 0x00000000c4900000, 0x00000000c4900000| Untracked 
|  74|0x00000000c4a00000, 0x00000000c4a00000, 0x00000000c4b00000|  0%| F|  |TAMS 0x00000000c4a00000, 0x00000000c4a00000| Untracked 
|  75|0x00000000c4b00000, 0x00000000c4b00000, 0x00000000c4c00000|  0%| F|  |TAMS 0x00000000c4b00000, 0x00000000c4b00000| Untracked 
|  76|0x00000000c4c00000, 0x00000000c4c00000, 0x00000000c4d00000|  0%| F|  |TAMS 0x00000000c4c00000, 0x00000000c4c00000| Untracked 
|  77|0x00000000c4d00000, 0x00000000c4d00000, 0x00000000c4e00000|  0%| F|  |TAMS 0x00000000c4d00000, 0x00000000c4d00000| Untracked 
|  78|0x00000000c4e00000, 0x00000000c4e00000, 0x00000000c4f00000|  0%| F|  |TAMS 0x00000000c4e00000, 0x00000000c4e00000| Untracked 
|  79|0x00000000c4f00000, 0x00000000c4f00000, 0x00000000c5000000|  0%| F|  |TAMS 0x00000000c4f00000, 0x00000000c4f00000| Untracked 
|  80|0x00000000c5000000, 0x00000000c5000000, 0x00000000c5100000|  0%| F|  |TAMS 0x00000000c5000000, 0x00000000c5000000| Untracked 
|  81|0x00000000c5100000, 0x00000000c5100000, 0x00000000c5200000|  0%| F|  |TAMS 0x00000000c5100000, 0x00000000c5100000| Untracked 
|  82|0x00000000c5200000, 0x00000000c5200000, 0x00000000c5300000|  0%| F|  |TAMS 0x00000000c5200000, 0x00000000c5200000| Untracked 
|  83|0x00000000c5300000, 0x00000000c5300000, 0x00000000c5400000|  0%| F|  |TAMS 0x00000000c5300000, 0x00000000c5300000| Untracked 
|  84|0x00000000c5400000, 0x00000000c5400000, 0x00000000c5500000|  0%| F|  |TAMS 0x00000000c5400000, 0x00000000c5400000| Untracked 
|  85|0x00000000c5500000, 0x00000000c5500000, 0x00000000c5600000|  0%| F|  |TAMS 0x00000000c5500000, 0x00000000c5500000| Untracked 
|  86|0x00000000c5600000, 0x00000000c5600000, 0x00000000c5700000|  0%| F|  |TAMS 0x00000000c5600000, 0x00000000c5600000| Untracked 
|  87|0x00000000c5700000, 0x00000000c5700000, 0x00000000c5800000|  0%| F|  |TAMS 0x00000000c5700000, 0x00000000c5700000| Untracked 
|  88|0x00000000c5800000, 0x00000000c5800000, 0x00000000c5900000|  0%| F|  |TAMS 0x00000000c5800000, 0x00000000c5800000| Untracked 
|  89|0x00000000c5900000, 0x00000000c5900000, 0x00000000c5a00000|  0%| F|  |TAMS 0x00000000c5900000, 0x00000000c5900000| Untracked 
|  90|0x00000000c5a00000, 0x00000000c5a00000, 0x00000000c5b00000|  0%| F|  |TAMS 0x00000000c5a00000, 0x00000000c5a00000| Untracked 
|  91|0x00000000c5b00000, 0x00000000c5b00000, 0x00000000c5c00000|  0%| F|  |TAMS 0x00000000c5b00000, 0x00000000c5b00000| Untracked 
|  92|0x00000000c5c00000, 0x00000000c5c00000, 0x00000000c5d00000|  0%| F|  |TAMS 0x00000000c5c00000, 0x00000000c5c00000| Untracked 
|  93|0x00000000c5d00000, 0x00000000c5d00000, 0x00000000c5e00000|  0%| F|  |TAMS 0x00000000c5d00000, 0x00000000c5d00000| Untracked 
|  94|0x00000000c5e00000, 0x00000000c5e00000, 0x00000000c5f00000|  0%| F|  |TAMS 0x00000000c5e00000, 0x00000000c5e00000| Untracked 
|  95|0x00000000c5f00000, 0x00000000c5f00000, 0x00000000c6000000|  0%| F|  |TAMS 0x00000000c5f00000, 0x00000000c5f00000| Untracked 
|  96|0x00000000c6000000, 0x00000000c6000000, 0x00000000c6100000|  0%| F|  |TAMS 0x00000000c6000000, 0x00000000c6000000| Untracked 
|  97|0x00000000c6100000, 0x00000000c6100000, 0x00000000c6200000|  0%| F|  |TAMS 0x00000000c6100000, 0x00000000c6100000| Untracked 
|  98|0x00000000c6200000, 0x00000000c6200000, 0x00000000c6300000|  0%| F|  |TAMS 0x00000000c6200000, 0x00000000c6200000| Untracked 
|  99|0x00000000c6300000, 0x00000000c6300000, 0x00000000c6400000|  0%| F|  |TAMS 0x00000000c6300000, 0x00000000c6300000| Untracked 
| 100|0x00000000c6400000, 0x00000000c6480800, 0x00000000c6500000| 50%| E|  |TAMS 0x00000000c6400000, 0x00000000c6400000| Complete 
| 101|0x00000000c6500000, 0x00000000c6600000, 0x00000000c6600000|100%| E|CS|TAMS 0x00000000c6500000, 0x00000000c6500000| Complete 
| 102|0x00000000c6600000, 0x00000000c6700000, 0x00000000c6700000|100%| E|CS|TAMS 0x00000000c6600000, 0x00000000c6600000| Complete 
| 103|0x00000000c6700000, 0x00000000c6800000, 0x00000000c6800000|100%| E|CS|TAMS 0x00000000c6700000, 0x00000000c6700000| Complete 
| 104|0x00000000c6800000, 0x00000000c6900000, 0x00000000c6900000|100%| E|CS|TAMS 0x00000000c6800000, 0x00000000c6800000| Complete 
| 105|0x00000000c6900000, 0x00000000c6a00000, 0x00000000c6a00000|100%| E|CS|TAMS 0x00000000c6900000, 0x00000000c6900000| Complete 
| 106|0x00000000c6a00000, 0x00000000c6b00000, 0x00000000c6b00000|100%| E|CS|TAMS 0x00000000c6a00000, 0x00000000c6a00000| Complete 
| 107|0x00000000c6b00000, 0x00000000c6c00000, 0x00000000c6c00000|100%| E|CS|TAMS 0x00000000c6b00000, 0x00000000c6b00000| Complete 
| 108|0x00000000c6c00000, 0x00000000c6d00000, 0x00000000c6d00000|100%| E|CS|TAMS 0x00000000c6c00000, 0x00000000c6c00000| Complete 
| 109|0x00000000c6d00000, 0x00000000c6e00000, 0x00000000c6e00000|100%| E|CS|TAMS 0x00000000c6d00000, 0x00000000c6d00000| Complete 
| 110|0x00000000c6e00000, 0x00000000c6f00000, 0x00000000c6f00000|100%| E|CS|TAMS 0x00000000c6e00000, 0x00000000c6e00000| Complete 

Card table byte_map: [0x000002a3e9f30000,0x000002a3ea130000] _byte_map_base: 0x000002a3e9930000

Marking Bits (Prev, Next): (CMBitMap*) 0x000002a3d78b60d0, (CMBitMap*) 0x000002a3d78b6090
 Prev Bits: [0x000002a3eb330000, 0x000002a3ec330000)
 Next Bits: [0x000002a3ea330000, 0x000002a3eb330000)

Polling page: 0x000002a3d57b0000

Metaspace:

Usage:
  Non-class:     26.88 MB used.
      Class:      4.28 MB used.
       Both:     31.16 MB used.

Virtual space:
  Non-class space:       32.00 MB reserved,      27.06 MB ( 85%) committed,  4 nodes.
      Class space:        1.00 GB reserved,       4.44 MB ( <1%) committed,  1 nodes.
             Both:        1.03 GB reserved,      31.50 MB (  3%) committed. 

Chunk freelists:
   Non-Class:  896.00 KB
       Class:  3.47 MB
        Both:  4.34 MB

MaxMetaspaceSize: unlimited
CompressedClassSpaceSize: 1.00 GB
Initial GC threshold: 21.00 MB
Current GC threshold: 50.44 MB
CDS: off
MetaspaceReclaimPolicy: balanced
 - commit_granule_bytes: 65536.
 - commit_granule_words: 8192.
 - virtual_space_node_default_size: 1048576.
 - enlarge_chunks_in_place: 1.
 - new_chunks_are_fully_committed: 0.
 - uncommit_free_chunks: 1.
 - use_allocation_guard: 0.
 - handle_deallocations: 1.


Internal statistics:

num_allocs_failed_limit: 3.
num_arena_births: 316.
num_arena_deaths: 0.
num_vsnodes_births: 5.
num_vsnodes_deaths: 0.
num_space_committed: 504.
num_space_uncommitted: 0.
num_chunks_returned_to_freelist: 3.
num_chunks_taken_from_freelist: 1212.
num_chunk_merges: 0.
num_chunk_splits: 756.
num_chunks_enlarged: 513.
num_purges: 0.
num_inconsistent_stats: 0.

CodeHeap 'non-profiled nmethods': size=120000Kb used=1636Kb max_used=1636Kb free=118363Kb
 bounds [0x000002a3e2800000, 0x000002a3e2a70000, 0x000002a3e9d30000]
CodeHeap 'profiled nmethods': size=120000Kb used=6009Kb max_used=6009Kb free=113990Kb
 bounds [0x000002a3dad30000, 0x000002a3db310000, 0x000002a3e2260000]
CodeHeap 'non-nmethods': size=5760Kb used=1234Kb max_used=1284Kb free=4525Kb
 bounds [0x000002a3e2260000, 0x000002a3e24d0000, 0x000002a3e2800000]
 total_blobs=3412 nmethods=2871 adapters=453
 compilation: enabled
              stopped_count=0, restarted_count=0
 full_count=0

Compilation events (20 events):
Event: 11.294 Thread 0x000002a3ef408070 2834       3       org.objectweb.asm.Type::appendDescriptor (90 bytes)
Event: 11.295 Thread 0x000002a3ef408070 nmethod 2834 0x000002a3db2f2190 code [0x000002a3db2f23a0, 0x000002a3db2f28c8]
Event: 11.295 Thread 0x000002a3ef408070 2835       3       org.objectweb.asm.ByteVector::putByteArray (49 bytes)
Event: 11.295 Thread 0x000002a3ef408070 nmethod 2835 0x000002a3db2f2b10 code [0x000002a3db2f2cc0, 0x000002a3db2f2f98]
Event: 11.295 Thread 0x000002a3ef408070 2833       1       org.gradle.internal.instantiation.generator.AbstractClassGenerator$PropertyMetadata::getOverridableGetters (5 bytes)
Event: 11.296 Thread 0x000002a3ef408070 nmethod 2833 0x000002a3e2997110 code [0x000002a3e29972a0, 0x000002a3e2997378]
Event: 11.312 Thread 0x000002a3ef408070 2836       3       java.lang.Class::copyMethods (36 bytes)
Event: 11.313 Thread 0x000002a3ef408070 nmethod 2836 0x000002a3db2f3090 code [0x000002a3db2f32e0, 0x000002a3db2f3d48]
Event: 11.313 Thread 0x000002a3ef408070 2837       3       org.gradle.internal.reflect.MethodSet$MethodKey::equals (89 bytes)
Event: 11.314 Thread 0x000002a3ef408070 nmethod 2837 0x000002a3db2f4190 code [0x000002a3db2f43a0, 0x000002a3db2f4c78]
Event: 11.314 Thread 0x000002a3ef408070 2838       3       org.gradle.internal.reflect.MutableClassDetails::instanceMethod (9 bytes)
Event: 11.314 Thread 0x000002a3ef408070 nmethod 2838 0x000002a3db2f4f10 code [0x000002a3db2f50c0, 0x000002a3db2f5228]
Event: 11.314 Thread 0x000002a3ef408070 2839       3       java.util.TreeMap$Entry::<init> (25 bytes)
Event: 11.314 Thread 0x000002a3ef408070 nmethod 2839 0x000002a3db2f5310 code [0x000002a3db2f54c0, 0x000002a3db2f5738]
Event: 11.314 Thread 0x000002a3ef408070 2841       3       java.util.TreeMap::getEntry (77 bytes)
Event: 11.314 Thread 0x000002a3ef408070 nmethod 2841 0x000002a3db2f5810 code [0x000002a3db2f5a20, 0x000002a3db2f6088]
Event: 11.314 Thread 0x000002a3ef408070 2840       3       java.util.TreeMap::get (19 bytes)
Event: 11.315 Thread 0x000002a3ef408070 nmethod 2840 0x000002a3db2f6290 code [0x000002a3db2f6440, 0x000002a3db2f6608]
Event: 11.315 Thread 0x000002a3ef408070 2842       3       org.gradle.internal.reflect.MethodSet::shouldReplace (45 bytes)
Event: 11.315 Thread 0x000002a3ef408070 nmethod 2842 0x000002a3db2f6710 code [0x000002a3db2f68e0, 0x000002a3db2f6e38]

GC Heap History (20 events):
Event: 1.663 GC heap before
{Heap before GC invocations=1 (full 0):
 garbage-first heap   total 98304K, used 21936K [0x00000000c0000000, 0x0000000100000000)
  region size 1024K, 17 young (17408K), 2 survivors (2048K)
 Metaspace       used 11094K, committed 11264K, reserved 1064960K
  class space    used 1162K, committed 1280K, reserved 1048576K
}
Event: 1.669 GC heap after
{Heap after GC invocations=2 (full 0):
 garbage-first heap   total 98304K, used 9445K [0x00000000c0000000, 0x0000000100000000)
  region size 1024K, 3 young (3072K), 3 survivors (3072K)
 Metaspace       used 11094K, committed 11264K, reserved 1064960K
  class space    used 1162K, committed 1280K, reserved 1048576K
}
Event: 2.384 GC heap before
{Heap before GC invocations=2 (full 0):
 garbage-first heap   total 98304K, used 30949K [0x00000000c0000000, 0x0000000100000000)
  region size 1024K, 24 young (24576K), 3 survivors (3072K)
 Metaspace       used 11209K, committed 11392K, reserved 1064960K
  class space    used 1163K, committed 1280K, reserved 1048576K
}
Event: 2.393 GC heap after
{Heap after GC invocations=3 (full 0):
 garbage-first heap   total 98304K, used 11781K [0x00000000c0000000, 0x0000000100000000)
  region size 1024K, 3 young (3072K), 3 survivors (3072K)
 Metaspace       used 11209K, committed 11392K, reserved 1064960K
  class space    used 1163K, committed 1280K, reserved 1048576K
}
Event: 5.876 GC heap before
{Heap before GC invocations=3 (full 0):
 garbage-first heap   total 98304K, used 51717K [0x00000000c0000000, 0x0000000100000000)
  region size 1024K, 43 young (44032K), 3 survivors (3072K)
 Metaspace       used 21327K, committed 21504K, reserved 1073152K
  class space    used 2582K, committed 2688K, reserved 1048576K
}
Event: 5.886 GC heap after
{Heap after GC invocations=4 (full 0):
 garbage-first heap   total 98304K, used 17636K [0x00000000c0000000, 0x0000000100000000)
  region size 1024K, 8 young (8192K), 8 survivors (8192K)
 Metaspace       used 21327K, committed 21504K, reserved 1073152K
  class space    used 2582K, committed 2688K, reserved 1048576K
}
Event: 7.029 GC heap before
{Heap before GC invocations=5 (full 0):
 garbage-first heap   total 65536K, used 48356K [0x00000000c0000000, 0x0000000100000000)
  region size 1024K, 38 young (38912K), 8 survivors (8192K)
 Metaspace       used 26377K, committed 26752K, reserved 1073152K
  class space    used 3471K, committed 3648K, reserved 1048576K
}
Event: 7.045 GC heap after
{Heap after GC invocations=6 (full 0):
 garbage-first heap   total 65536K, used 19347K [0x00000000c0000000, 0x0000000100000000)
  region size 1024K, 2 young (2048K), 2 survivors (2048K)
 Metaspace       used 26377K, committed 26752K, reserved 1073152K
  class space    used 3471K, committed 3648K, reserved 1048576K
}
Event: 7.095 GC heap before
{Heap before GC invocations=6 (full 0):
 garbage-first heap   total 65536K, used 20371K [0x00000000c0000000, 0x0000000100000000)
  region size 1024K, 3 young (3072K), 2 survivors (2048K)
 Metaspace       used 26579K, committed 26880K, reserved 1073152K
  class space    used 3497K, committed 3648K, reserved 1048576K
}
Event: 7.101 GC heap after
{Heap after GC invocations=7 (full 0):
 garbage-first heap   total 65536K, used 19201K [0x00000000c0000000, 0x0000000100000000)
  region size 1024K, 1 young (1024K), 1 survivors (1024K)
 Metaspace       used 26579K, committed 26880K, reserved 1073152K
  class space    used 3497K, committed 3648K, reserved 1048576K
}
Event: 10.727 GC heap before
{Heap before GC invocations=7 (full 0):
 garbage-first heap   total 65536K, used 38657K [0x00000000c0000000, 0x0000000100000000)
  region size 1024K, 16 young (16384K), 1 survivors (1024K)
 Metaspace       used 28930K, committed 29312K, reserved 1081344K
  class space    used 3902K, committed 4096K, reserved 1048576K
}
Event: 10.731 GC heap after
{Heap after GC invocations=8 (full 0):
 garbage-first heap   total 65536K, used 25795K [0x00000000c0000000, 0x0000000100000000)
  region size 1024K, 2 young (2048K), 2 survivors (2048K)
 Metaspace       used 28930K, committed 29312K, reserved 1081344K
  class space    used 3902K, committed 4096K, reserved 1048576K
}
Event: 10.739 GC heap before
{Heap before GC invocations=8 (full 0):
 garbage-first heap   total 65536K, used 31939K [0x00000000c0000000, 0x0000000100000000)
  region size 1024K, 2 young (2048K), 2 survivors (2048K)
 Metaspace       used 28932K, committed 29312K, reserved 1081344K
  class space    used 3902K, committed 4096K, reserved 1048576K
}
Event: 10.744 GC heap after
{Heap after GC invocations=9 (full 0):
 garbage-first heap   total 65536K, used 31879K [0x00000000c0000000, 0x0000000100000000)
  region size 1024K, 0 young (0K), 0 survivors (0K)
 Metaspace       used 28932K, committed 29312K, reserved 1081344K
  class space    used 3902K, committed 4096K, reserved 1048576K
}
Event: 11.030 GC heap before
{Heap before GC invocations=10 (full 0):
 garbage-first heap   total 65536K, used 59527K [0x00000000c0000000, 0x0000000100000000)
  region size 1024K, 11 young (11264K), 0 survivors (0K)
 Metaspace       used 30150K, committed 30528K, reserved 1081344K
  class space    used 4083K, committed 4288K, reserved 1048576K
}
Event: 11.033 GC heap after
{Heap after GC invocations=11 (full 0):
 garbage-first heap   total 65536K, used 53850K [0x00000000c0000000, 0x0000000100000000)
  region size 1024K, 3 young (3072K), 3 survivors (3072K)
 Metaspace       used 30150K, committed 30528K, reserved 1081344K
  class space    used 4083K, committed 4288K, reserved 1048576K
}
Event: 11.047 GC heap before
{Heap before GC invocations=11 (full 0):
 garbage-first heap   total 65536K, used 53850K [0x00000000c0000000, 0x0000000100000000)
  region size 1024K, 4 young (4096K), 3 survivors (3072K)
 Metaspace       used 30249K, committed 30592K, reserved 1081344K
  class space    used 4102K, committed 4288K, reserved 1048576K
}
Event: 11.050 GC heap after
{Heap after GC invocations=12 (full 0):
 garbage-first heap   total 65536K, used 53744K [0x00000000c0000000, 0x0000000100000000)
  region size 1024K, 1 young (1024K), 1 survivors (1024K)
 Metaspace       used 30249K, committed 30592K, reserved 1081344K
  class space    used 4102K, committed 4288K, reserved 1048576K
}
Event: 11.103 GC heap before
{Heap before GC invocations=12 (full 0):
 garbage-first heap   total 65536K, used 55792K [0x00000000c0000000, 0x0000000100000000)
  region size 1024K, 3 young (3072K), 1 survivors (1024K)
 Metaspace       used 30478K, committed 30784K, reserved 1081344K
  class space    used 4139K, committed 4288K, reserved 1048576K
}
Event: 11.105 GC heap after
{Heap after GC invocations=13 (full 0):
 garbage-first heap   total 113664K, used 53802K [0x00000000c0000000, 0x0000000100000000)
  region size 1024K, 1 young (1024K), 1 survivors (1024K)
 Metaspace       used 30478K, committed 30784K, reserved 1081344K
  class space    used 4139K, committed 4288K, reserved 1048576K
}

Dll operation events (2 events):
Event: 0.113 Loaded shared library C:\Program Files\Android\Android Studio\jbr\bin\java.dll
Event: 0.826 Loaded shared library C:\Program Files\Android\Android Studio\jbr\bin\verify.dll

Deoptimization events (20 events):
Event: 10.700 Thread 0x000002a3f0cd3af0 Uncommon trap: trap_request=0xffffff45 fr.pc=0x000002a3e294a1d0 relative=0x0000000000005f50
Event: 10.700 Thread 0x000002a3f0cd3af0 Uncommon trap: reason=unstable_if action=reinterpret pc=0x000002a3e294a1d0 method=java.net.URLClassLoader.getAndVerifyPackage(Ljava/lang/String;Ljava/util/jar/Manifest;Ljava/net/URL;)Ljava/lang/Package; @ 62 c2
Event: 10.700 Thread 0x000002a3f0cd3af0 DEOPT PACKING pc=0x000002a3e294a1d0 sp=0x000000ba3dffb870
Event: 10.700 Thread 0x000002a3f0cd3af0 DEOPT UNPACKING pc=0x000002a3e22b69a3 sp=0x000000ba3dffb5f8 mode 2
Event: 10.701 Thread 0x000002a3f0cd3af0 Uncommon trap: trap_request=0xffffff45 fr.pc=0x000002a3e293a9e8 relative=0x0000000000005748
Event: 10.701 Thread 0x000002a3f0cd3af0 Uncommon trap: reason=unstable_if action=reinterpret pc=0x000002a3e293a9e8 method=java.net.URLClassLoader.getAndVerifyPackage(Ljava/lang/String;Ljava/util/jar/Manifest;Ljava/net/URL;)Ljava/lang/Package; @ 62 c2
Event: 10.701 Thread 0x000002a3f0cd3af0 DEOPT PACKING pc=0x000002a3e293a9e8 sp=0x000000ba3dffb160
Event: 10.701 Thread 0x000002a3f0cd3af0 DEOPT UNPACKING pc=0x000002a3e22b69a3 sp=0x000000ba3dffb020 mode 2
Event: 10.709 Thread 0x000002a3f0cd3af0 DEOPT PACKING pc=0x000002a3dadf8ebd sp=0x000000ba3dffaa60
Event: 10.709 Thread 0x000002a3f0cd3af0 DEOPT UNPACKING pc=0x000002a3e22b7143 sp=0x000000ba3dff9ef8 mode 0
Event: 10.714 Thread 0x000002a3f0cd3af0 Uncommon trap: trap_request=0xffffff45 fr.pc=0x000002a3e295cd68 relative=0x0000000000005748
Event: 10.714 Thread 0x000002a3f0cd3af0 Uncommon trap: reason=unstable_if action=reinterpret pc=0x000002a3e295cd68 method=java.net.URLClassLoader.getAndVerifyPackage(Ljava/lang/String;Ljava/util/jar/Manifest;Ljava/net/URL;)Ljava/lang/Package; @ 62 c2
Event: 10.714 Thread 0x000002a3f0cd3af0 DEOPT PACKING pc=0x000002a3e295cd68 sp=0x000000ba3dff9be0
Event: 10.714 Thread 0x000002a3f0cd3af0 DEOPT UNPACKING pc=0x000002a3e22b69a3 sp=0x000000ba3dff9b08 mode 2
Event: 10.821 Thread 0x000002a3f0cd3af0 DEOPT PACKING pc=0x000002a3db284fe9 sp=0x000000ba3dff99b0
Event: 10.821 Thread 0x000002a3f0cd3af0 DEOPT UNPACKING pc=0x000002a3e22b7143 sp=0x000000ba3dff8f30 mode 0
Event: 10.838 Thread 0x000002a3f0cd3af0 DEOPT PACKING pc=0x000002a3db284fe9 sp=0x000000ba3dff99b0
Event: 10.838 Thread 0x000002a3f0cd3af0 DEOPT UNPACKING pc=0x000002a3e22b7143 sp=0x000000ba3dff8f30 mode 0
Event: 10.858 Thread 0x000002a3f0cd3af0 DEOPT PACKING pc=0x000002a3dadeb3c3 sp=0x000000ba3dff8c50
Event: 10.858 Thread 0x000002a3f0cd3af0 DEOPT UNPACKING pc=0x000002a3e22b7143 sp=0x000000ba3dff8170 mode 0

Classes unloaded (0 events):
No events

Classes redefined (0 events):
No events

Internal exceptions (20 events):
Event: 10.872 Thread 0x000002a3f0cd3af0 Exception <a 'java/lang/NoSuchMethodError'{0x00000000c3b56fe0}: static Lorg/jetbrains/kotlin/idea/gradleTooling/KotlinGradleModel;.<clinit>()V> (0x00000000c3b56fe0) 
thrown [s\src\hotspot\share\prims\jni.cpp, line 1108]
Event: 10.873 Thread 0x000002a3f0cd3af0 Exception <a 'java/lang/NoSuchMethodError'{0x00000000c3b63460}: static Lorg/jetbrains/kotlin/idea/gradleTooling/model/allopen/AllOpenModel;.<clinit>()V> (0x00000000c3b63460) 
thrown [s\src\hotspot\share\prims\jni.cpp, line 1108]
Event: 10.878 Thread 0x000002a3f0cd3af0 Exception <a 'java/lang/NoSuchMethodError'{0x00000000c3b98548}: static Lorg/jetbrains/kotlin/idea/gradleTooling/model/lombok/LombokModel;.<clinit>()V> (0x00000000c3b98548) 
thrown [s\src\hotspot\share\prims\jni.cpp, line 1108]
Event: 10.880 Thread 0x000002a3f0cd3af0 Exception <a 'java/lang/NoSuchMethodError'{0x00000000c3ba8cb8}: static Lorg/jetbrains/kotlin/idea/gradleTooling/KotlinDslScriptModelProvider;.<clinit>()V> (0x00000000c3ba8cb8) 
thrown [s\src\hotspot\share\prims\jni.cpp, line 1108]
Event: 10.882 Thread 0x000002a3f0cd3af0 Exception <a 'java/lang/NoSuchMethodError'{0x00000000c3bba000}: static Lorg/jetbrains/plugins/gradle/model/AnnotationProcessingModel;.<clinit>()V> (0x00000000c3bba000) 
thrown [s\src\hotspot\share\prims\jni.cpp, line 1108]
Event: 10.884 Thread 0x000002a3f0cd3af0 Exception <a 'java/lang/NoSuchMethodError'{0x00000000c3bc8750}: static Lorg/jetbrains/kotlin/idea/gradleTooling/model/samWithReceiver/SamWithReceiverModel;.<clinit>()V> (0x00000000c3bc8750) 
thrown [s\src\hotspot\share\prims\jni.cpp, line 1108]
Event: 10.892 Thread 0x000002a3f0cd3af0 Exception <a 'java/lang/NoSuchMethodError'{0x00000000c3bf4e60}: static Lorg/jetbrains/kotlin/idea/gradleTooling/PrepareKotlinIdeImportTaskModel;.<clinit>()V> (0x00000000c3bf4e60) 
thrown [s\src\hotspot\share\prims\jni.cpp, line 1108]
Event: 10.893 Thread 0x000002a3f0cd3af0 Exception <a 'java/lang/NoSuchMethodError'{0x00000000c3a7b478}: static Lorg/jetbrains/plugins/gradle/model/ExternalProjectDependency;.<clinit>()V> (0x00000000c3a7b478) 
thrown [s\src\hotspot\share\prims\jni.cpp, line 1108]
Event: 10.895 Thread 0x000002a3f0cd3af0 Exception <a 'java/lang/NoSuchMethodError'{0x00000000c3a84c68}: static Lorg/jetbrains/plugins/gradle/model/FileCollectionDependency;.<clinit>()V> (0x00000000c3a84c68) 
thrown [s\src\hotspot\share\prims\jni.cpp, line 1108]
Event: 10.896 Thread 0x000002a3f0cd3af0 Exception <a 'java/lang/NoSuchMethodError'{0x00000000c3a8dd00}: static Lorg/jetbrains/plugins/gradle/model/UnresolvedExternalDependency;.<clinit>()V> (0x00000000c3a8dd00) 
thrown [s\src\hotspot\share\prims\jni.cpp, line 1108]
Event: 10.897 Thread 0x000002a3f0cd3af0 Exception <a 'java/lang/NoSuchMethodError'{0x00000000c3a96fb8}: static Lorg/jetbrains/plugins/gradle/model/ExternalLibraryDependency;.<clinit>()V> (0x00000000c3a96fb8) 
thrown [s\src\hotspot\share\prims\jni.cpp, line 1108]
Event: 10.907 Thread 0x000002a3f0cd3af0 Exception <a 'java/lang/NoSuchMethodError'{0x00000000c3936fc0}: static Lorg/gradle/tooling/internal/consumer/versioning/VersionDetails;.<clinit>()V> (0x00000000c3936fc0) 
thrown [s\src\hotspot\share\prims\jni.cpp, line 1108]
Event: 10.908 Thread 0x000002a3f0cd3af0 Exception <a 'java/lang/NoSuchMethodError'{0x00000000c3939968}: static Lorg/gradle/tooling/internal/consumer/versioning/VersionDetails$R26VersionDetails;.<clinit>()V> (0x00000000c3939968) 
thrown [s\src\hotspot\share\prims\jni.cpp, line 1108]
Event: 10.908 Thread 0x000002a3f0cd3af0 Exception <a 'java/lang/NoSuchMethodError'{0x00000000c393aee0}: static Lorg/gradle/tooling/internal/consumer/versioning/VersionDetails$R28VersionDetails;.<clinit>()V> (0x00000000c393aee0) 
thrown [s\src\hotspot\share\prims\jni.cpp, line 1108]
Event: 10.908 Thread 0x000002a3f0cd3af0 Exception <a 'java/lang/NoSuchMethodError'{0x00000000c393c3e8}: static Lorg/gradle/tooling/internal/consumer/versioning/VersionDetails$R35VersionDetails;.<clinit>()V> (0x00000000c393c3e8) 
thrown [s\src\hotspot\share\prims\jni.cpp, line 1108]
Event: 10.908 Thread 0x000002a3f0cd3af0 Exception <a 'java/lang/NoSuchMethodError'{0x00000000c393dab8}: static Lorg/gradle/tooling/internal/consumer/versioning/VersionDetails$R44VersionDetails;.<clinit>()V> (0x00000000c393dab8) 
thrown [s\src\hotspot\share\prims\jni.cpp, line 1108]
Event: 10.908 Thread 0x000002a3f0cd3af0 Exception <a 'java/lang/NoSuchMethodError'{0x00000000c393f0c0}: static Lorg/gradle/tooling/internal/consumer/versioning/VersionDetails$R48VersionDetails;.<clinit>()V> (0x00000000c393f0c0) 
thrown [s\src\hotspot\share\prims\jni.cpp, line 1108]
Event: 10.908 Thread 0x000002a3f0cd3af0 Exception <a 'java/lang/NoSuchMethodError'{0x00000000c39402c0}: static Lorg/gradle/tooling/internal/consumer/versioning/VersionDetails$R51VersionDetails;.<clinit>()V> (0x00000000c39402c0) 
thrown [s\src\hotspot\share\prims\jni.cpp, line 1108]
Event: 10.935 Thread 0x000002a3f0cd3af0 Exception <a 'java/lang/NoSuchMethodError'{0x00000000c382ca80}: 'java.lang.Object java.lang.invoke.DirectMethodHandle$Holder.newInvokeSpecial(java.lang.Object, java.lang.Object, int)'> (0x00000000c382ca80) 
thrown [s\src\hotspot\share\interpreter\linkResolver.cpp, line 771]
Event: 11.191 Thread 0x000002a3f0cd3af0 Exception <a 'java/lang/NoSuchMethodError'{0x00000000c6b5f798}: 'java.lang.Object java.lang.invoke.DirectMethodHandle$Holder.invokeSpecialIFC(java.lang.Object, java.lang.Object, java.lang.Object, java.lang.Object)'> (0x00000000c6b5f798) 
thrown [s\src\hotspot\share\interpreter\linkResolver.cpp, line 771]

VM Operations (20 events):
Event: 10.727 Executing VM operation: G1TryInitiateConcMark
Event: 10.731 Executing VM operation: G1TryInitiateConcMark done
Event: 10.739 Executing VM operation: G1TryInitiateConcMark
Event: 10.748 Executing VM operation: G1TryInitiateConcMark done
Event: 10.774 Executing VM operation: G1Concurrent
Event: 10.777 Executing VM operation: G1Concurrent done
Event: 10.787 Executing VM operation: G1Concurrent
Event: 10.788 Executing VM operation: G1Concurrent done
Event: 10.933 Executing VM operation: HandshakeAllThreads
Event: 10.933 Executing VM operation: HandshakeAllThreads done
Event: 11.030 Executing VM operation: G1CollectForAllocation
Event: 11.033 Executing VM operation: G1CollectForAllocation done
Event: 11.047 Executing VM operation: G1CollectForAllocation
Event: 11.050 Executing VM operation: G1CollectForAllocation done
Event: 11.103 Executing VM operation: G1CollectForAllocation
Event: 11.105 Executing VM operation: G1CollectForAllocation done
Event: 11.136 Executing VM operation: G1Concurrent
Event: 11.139 Executing VM operation: G1Concurrent done
Event: 11.151 Executing VM operation: G1Concurrent
Event: 11.151 Executing VM operation: G1Concurrent done

Events (20 events):
Event: 10.788 loading class java/io/ObjectStreamClass$ExceptionInfo done
Event: 10.920 loading class java/util/concurrent/locks/ReentrantReadWriteLock
Event: 10.920 loading class java/util/concurrent/locks/ReentrantReadWriteLock done
Event: 10.920 loading class java/util/concurrent/locks/ReentrantReadWriteLock$NonfairSync
Event: 10.920 loading class java/util/concurrent/locks/ReentrantReadWriteLock$Sync
Event: 10.921 loading class java/util/concurrent/locks/ReentrantReadWriteLock$Sync done
Event: 10.921 loading class java/util/concurrent/locks/ReentrantReadWriteLock$NonfairSync done
Event: 10.921 loading class java/util/concurrent/locks/ReentrantReadWriteLock$Sync$ThreadLocalHoldCounter
Event: 10.921 loading class java/util/concurrent/locks/ReentrantReadWriteLock$Sync$ThreadLocalHoldCounter done
Event: 10.921 loading class java/util/concurrent/locks/ReentrantReadWriteLock$ReadLock
Event: 10.921 loading class java/util/concurrent/locks/ReentrantReadWriteLock$ReadLock done
Event: 10.921 loading class java/util/concurrent/locks/ReentrantReadWriteLock$WriteLock
Event: 10.921 loading class java/util/concurrent/locks/ReentrantReadWriteLock$WriteLock done
Event: 10.932 loading class java/util/concurrent/Executors$FinalizableDelegatedExecutorService
Event: 10.932 loading class java/util/concurrent/Executors$DelegatedExecutorService
Event: 10.932 loading class java/util/concurrent/Executors$DelegatedExecutorService done
Event: 10.932 loading class java/util/concurrent/Executors$FinalizableDelegatedExecutorService done
Event: 11.183 Thread 0x000002a3f1c4ca70 Thread added: 0x000002a3f1c4ca70
Event: 11.212 Thread 0x000002a3f1c4c5a0 Thread added: 0x000002a3f1c4c5a0
Event: 11.246 Thread 0x000002a3f1c50430 Thread added: 0x000002a3f1c50430


Dynamic libraries:
0x00007ff65a050000 - 0x00007ff65a05a000 	C:\Program Files\Android\Android Studio\jbr\bin\java.exe
0x00007ffe2ee50000 - 0x00007ffe2f064000 	C:\WINDOWS\SYSTEM32\ntdll.dll
0x00007ffe2d130000 - 0x00007ffe2d1f2000 	C:\WINDOWS\System32\KERNEL32.DLL
0x00007ffe2c660000 - 0x00007ffe2c9fc000 	C:\WINDOWS\System32\KERNELBASE.dll
0x00007ffe297f0000 - 0x00007ffe29886000 	C:\WINDOWS\SYSTEM32\apphelp.dll
0x00007ffe2c540000 - 0x00007ffe2c651000 	C:\WINDOWS\System32\ucrtbase.dll
0x00007ffe1ffc0000 - 0x00007ffe1ffd7000 	C:\Program Files\Android\Android Studio\jbr\bin\jli.dll
0x00007ffe2ec50000 - 0x00007ffe2edfb000 	C:\WINDOWS\System32\USER32.dll
0x00007ffe2c290000 - 0x00007ffe2c2b6000 	C:\WINDOWS\System32\win32u.dll
0x00007ffe2d100000 - 0x00007ffe2d129000 	C:\WINDOWS\System32\GDI32.dll
0x00007ffe2cb40000 - 0x00007ffe2cc53000 	C:\WINDOWS\System32\gdi32full.dll
0x00007ffe2c4a0000 - 0x00007ffe2c53a000 	C:\WINDOWS\System32\msvcp_win.dll
0x00007ffe1ecc0000 - 0x00007ffe1ecdb000 	C:\Program Files\Android\Android Studio\jbr\bin\VCRUNTIME140.dll
0x00007ffe14170000 - 0x00007ffe143fe000 	C:\WINDOWS\WinSxS\amd64_microsoft.windows.common-controls_6595b64144ccf1df_6.0.22621.608_none_a9444ca7c10bb01d\COMCTL32.dll
0x00007ffe2dbc0000 - 0x00007ffe2dc67000 	C:\WINDOWS\System32\msvcrt.dll
0x00007ffe2ce10000 - 0x00007ffe2ce41000 	C:\WINDOWS\System32\IMM32.DLL
0x00007ffe28ff0000 - 0x00007ffe28ffc000 	C:\Program Files\Android\Android Studio\jbr\bin\vcruntime140_1.dll
0x00007ffe1c880000 - 0x00007ffe1c90d000 	C:\Program Files\Android\Android Studio\jbr\bin\msvcp140.dll
0x00007ffdcdde0000 - 0x00007ffdcea4d000 	C:\Program Files\Android\Android Studio\jbr\bin\server\jvm.dll
0x00007ffe2dd60000 - 0x00007ffe2de0e000 	C:\WINDOWS\System32\ADVAPI32.dll
0x00007ffe2ce70000 - 0x00007ffe2cf14000 	C:\WINDOWS\System32\sechost.dll
0x00007ffe2e600000 - 0x00007ffe2e717000 	C:\WINDOWS\System32\RPCRT4.dll
0x00007ffe25a10000 - 0x00007ffe25a19000 	C:\WINDOWS\SYSTEM32\WSOCK32.dll
0x00007ffe2dcd0000 - 0x00007ffe2dd41000 	C:\WINDOWS\System32\WS2_32.dll
0x00007ffe23960000 - 0x00007ffe23994000 	C:\WINDOWS\SYSTEM32\WINMM.dll
0x00007ffe24530000 - 0x00007ffe2453a000 	C:\WINDOWS\SYSTEM32\VERSION.dll
0x00007ffe2b2e0000 - 0x00007ffe2b2f8000 	C:\WINDOWS\SYSTEM32\kernel.appcore.dll
0x00007ffe24220000 - 0x00007ffe2422a000 	C:\Program Files\Android\Android Studio\jbr\bin\jimage.dll
0x00007ffe1f920000 - 0x00007ffe1fb4e000 	C:\WINDOWS\SYSTEM32\DBGHELP.DLL
0x00007ffe2e8c0000 - 0x00007ffe2ec49000 	C:\WINDOWS\System32\combase.dll
0x00007ffe2d020000 - 0x00007ffe2d0f7000 	C:\WINDOWS\System32\OLEAUT32.dll
0x00007ffe13d80000 - 0x00007ffe13db2000 	C:\WINDOWS\SYSTEM32\dbgcore.DLL
0x00007ffe2ca00000 - 0x00007ffe2ca7b000 	C:\WINDOWS\System32\bcryptPrimitives.dll
0x00007ffe1d910000 - 0x00007ffe1d935000 	C:\Program Files\Android\Android Studio\jbr\bin\java.dll
0x00007ffe1d8f0000 - 0x00007ffe1d908000 	C:\Program Files\Android\Android Studio\jbr\bin\zip.dll
0x00007ffe2de10000 - 0x00007ffe2e600000 	C:\WINDOWS\System32\SHELL32.dll
0x00007ffe2a2a0000 - 0x00007ffe2ab6d000 	C:\WINDOWS\SYSTEM32\windows.storage.dll
0x00007ffe2a160000 - 0x00007ffe2a29e000 	C:\WINDOWS\SYSTEM32\wintypes.dll
0x00007ffe2ccc0000 - 0x00007ffe2cdb1000 	C:\WINDOWS\System32\SHCORE.dll
0x00007ffe2cc60000 - 0x00007ffe2ccbe000 	C:\WINDOWS\System32\shlwapi.dll
0x00007ffe2c1c0000 - 0x00007ffe2c1e1000 	C:\WINDOWS\SYSTEM32\profapi.dll
0x00007ffe1d8d0000 - 0x00007ffe1d8e9000 	C:\Program Files\Android\Android Studio\jbr\bin\net.dll
0x00007ffe24000000 - 0x00007ffe24137000 	C:\WINDOWS\SYSTEM32\WINHTTP.dll
0x00007ffe2b750000 - 0x00007ffe2b7b9000 	C:\WINDOWS\system32\mswsock.dll
0x00007ffe1d510000 - 0x00007ffe1d526000 	C:\Program Files\Android\Android Studio\jbr\bin\nio.dll
0x00007ffe1d4e0000 - 0x00007ffe1d4f0000 	C:\Program Files\Android\Android Studio\jbr\bin\verify.dll
0x00007ffe1eb60000 - 0x00007ffe1eb87000 	C:\Users\lenovo\.gradle\native\e1d6ef7f7dcc3fd88c89a11ec53ec762bb8ba0a96d01ffa2cd45eb1d1d8dd5c5\windows-amd64\native-platform.dll
0x00007ffe08c60000 - 0x00007ffe08da4000 	C:\Users\lenovo\.gradle\native\0d407fdbe67a94daf76414ababcb853783967236a71b16ec16e742cd7a986fd3\windows-amd64\native-platform-file-events.dll
0x00007ffe1e950000 - 0x00007ffe1e959000 	C:\Program Files\Android\Android Studio\jbr\bin\management.dll
0x00007ffe1e900000 - 0x00007ffe1e90b000 	C:\Program Files\Android\Android Studio\jbr\bin\management_ext.dll
0x00007ffe2ee00000 - 0x00007ffe2ee08000 	C:\WINDOWS\System32\PSAPI.DLL
0x00007ffe2b9b0000 - 0x00007ffe2b9cb000 	C:\WINDOWS\SYSTEM32\CRYPTSP.dll
0x00007ffe2b250000 - 0x00007ffe2b285000 	C:\WINDOWS\system32\rsaenh.dll
0x00007ffe2b850000 - 0x00007ffe2b878000 	C:\WINDOWS\SYSTEM32\USERENV.dll
0x00007ffe2bb70000 - 0x00007ffe2bb98000 	C:\WINDOWS\SYSTEM32\bcrypt.dll
0x00007ffe2b9d0000 - 0x00007ffe2b9dc000 	C:\WINDOWS\SYSTEM32\CRYPTBASE.dll
0x00007ffe2ae00000 - 0x00007ffe2ae2d000 	C:\WINDOWS\SYSTEM32\IPHLPAPI.DLL
0x00007ffe2db20000 - 0x00007ffe2db29000 	C:\WINDOWS\System32\NSI.dll
0x00007ffe24540000 - 0x00007ffe24559000 	C:\WINDOWS\SYSTEM32\dhcpcsvc6.DLL
0x00007ffe23e50000 - 0x00007ffe23e6f000 	C:\WINDOWS\SYSTEM32\dhcpcsvc.DLL
0x00007ffe2ae30000 - 0x00007ffe2af23000 	C:\WINDOWS\SYSTEM32\DNSAPI.dll
0x00007ffe18930000 - 0x00007ffe18938000 	C:\WINDOWS\system32\wshunix.dll

dbghelp: loaded successfully - version: 4.0.5 - missing functions: none
symbol engine: initialized successfully - sym options: 0x614 - pdb path: .;C:\Program Files\Android\Android Studio\jbr\bin;C:\WINDOWS\SYSTEM32;C:\WINDOWS\WinSxS\amd64_microsoft.windows.common-controls_6595b64144ccf1df_6.0.22621.608_none_a9444ca7c10bb01d;C:\Program Files\Android\Android Studio\jbr\bin\server;C:\Users\lenovo\.gradle\native\e1d6ef7f7dcc3fd88c89a11ec53ec762bb8ba0a96d01ffa2cd45eb1d1d8dd5c5\windows-amd64;C:\Users\lenovo\.gradle\native\0d407fdbe67a94daf76414ababcb853783967236a71b16ec16e742cd7a986fd3\windows-amd64

VM Arguments:
jvm_args: --add-opens=java.base/java.util=ALL-UNNAMED --add-opens=java.base/java.lang=ALL-UNNAMED --add-opens=java.base/java.lang.invoke=ALL-UNNAMED --add-opens=java.base/java.util=ALL-UNNAMED --add-opens=java.prefs/java.util.prefs=ALL-UNNAMED --add-opens=java.prefs/java.util.prefs=ALL-UNNAMED --add-opens=java.base/java.nio.charset=ALL-UNNAMED --add-opens=java.base/java.net=ALL-UNNAMED --add-opens=java.base/java.util.concurrent.atomic=ALL-UNNAMED -Xmx1024m -Dfile.encoding=windows-1252 -Duser.country=IN -Duser.language=en -Duser.variant 
java_command: org.gradle.launcher.daemon.bootstrap.GradleDaemon 7.5
java_class_path (initial): C:\Users\lenovo\.gradle\wrapper\dists\gradle-7.5-bin\f1w0cc9nuo0eivz97x2xlu9sv\gradle-7.5\lib\gradle-launcher-7.5.jar
Launcher Type: SUN_STANDARD

[Global flags]
     intx CICompilerCount                          = 3                                         {product} {ergonomic}
     uint ConcGCThreads                            = 1                                         {product} {ergonomic}
     uint G1ConcRefinementThreads                  = 4                                         {product} {ergonomic}
   size_t G1HeapRegionSize                         = 1048576                                   {product} {ergonomic}
    uintx GCDrainStackTargetSize                   = 64                                        {product} {ergonomic}
   size_t InitialHeapSize                          = 100663296                                 {product} {ergonomic}
   size_t MarkStackSize                            = 4194304                                   {product} {ergonomic}
   size_t MaxHeapSize                              = 1073741824                                {product} {command line}
   size_t MaxNewSize                               = 643825664                                 {product} {ergonomic}
   size_t MinHeapDeltaBytes                        = 1048576                                   {product} {ergonomic}
   size_t MinHeapSize                              = 8388608                                   {product} {ergonomic}
    uintx NonNMethodCodeHeapSize                   = 5832780                                {pd product} {ergonomic}
    uintx NonProfiledCodeHeapSize                  = 122912730                              {pd product} {ergonomic}
    uintx ProfiledCodeHeapSize                     = 122912730                              {pd product} {ergonomic}
    uintx ReservedCodeCacheSize                    = 251658240                              {pd product} {ergonomic}
     bool SegmentedCodeCache                       = true                                      {product} {ergonomic}
   size_t SoftMaxHeapSize                          = 1073741824                             {manageable} {ergonomic}
     bool UseCompressedClassPointers               = true                           {product lp64_product} {ergonomic}
     bool UseCompressedOops                        = true                           {product lp64_product} {ergonomic}
     bool UseG1GC                                  = true                                      {product} {ergonomic}
     bool UseLargePagesIndividualAllocation        = false                                  {pd product} {ergonomic}

Logging:
Log output configuration:
 #0: stdout all=warning uptime,level,tags
 #1: stderr all=off uptime,level,tags

Environment Variables:
PATH=C:\Program Files\Common Files\Oracle\Java\javapath;C:\Program Files (x86)\Common Files\Oracle\Java\javapath;C:\WINDOWS\system32;C:\WINDOWS;C:\WINDOWS\System32\Wbem;C:\WINDOWS\System32\WindowsPowerShell\v1.0\;C:\WINDOWS\System32\OpenSSH\;C:\Program Files (x86)\MySQL\MySQL Fabric 1.5.4 & MySQL Utilities 1.5.4 1.5\;C:\Program Files (x86)\MySQL\MySQL Fabric 1.5.4 & MySQL Utilities 1.5.4 1.5\Doctrine extensions for PHP\;C:\Program Files\Java\jdk1.8.0_211\bin;C:\Program Files\MiKTeX 2.9\miktex\bin\x64\;C:\Users\lenovo\AppData\Local\Programs\Python\Python310\Scripts\;C:\Users\lenovo\AppData\Local\Programs\Python\Python310\;C:\Users\lenovo\AppData\Local\Microsoft\WindowsApps;C:\Program Files\Java\jdk1.8.0_211\bin;
USERNAME=lenovo
OS=Windows_NT
PROCESSOR_IDENTIFIER=AMD64 Family 23 Model 24 Stepping 1, AuthenticAMD
TMP=C:\Users\lenovo\AppData\Local\Temp
TEMP=C:\Users\lenovo\AppData\Local\Temp



---------------  S Y S T E M  ---------------

OS:
 Windows 11 , 64 bit Build 22621 (10.0.22621.1485)
OS uptime: 4 days 20:25 hours

CPU: total 4 (initial active 4) (4 cores per cpu, 2 threads per core) family 23 model 24 stepping 1 microcode 0x0, cx8, cmov, fxsr, ht, mmx, 3dnowpref, sse, sse2, sse3, ssse3, sse4a, sse4.1, sse4.2, popcnt, lzcnt, tsc, tscinvbit, avx, avx2, aes, clmul, bmi1, bmi2, adx, sha, fma, vzeroupper, clflush, clflushopt

Memory: 4k page, system-wide physical 6020M (534M free)
TotalPageFile size 10116M (AvailPageFile size 5M)
current process WorkingSet (physical memory assigned to process): 198M, peak: 198M
current process commit charge ("private bytes"): 264M, peak: 265M

vm_info: OpenJDK 64-Bit Server VM (17.0.6+0-b2043.56-9586694) for windows-amd64 JRE (17.0.6+0-b2043.56-9586694), built on Feb  9 2023 20:06:20 by "androidbuild" with MS VC++ 16.10 / 16.11 (VS2019)

END.
