#
# There is insufficient memory for the Java Runtime Environment to continue.
# Native memory allocation (malloc) failed to allocate 1512912 bytes for Chunk::new
# Possible reasons:
#   The system is out of physical RAM or swap space
#   The process is running with CompressedOops enabled, and the Java Heap may be blocking the growth of the native heap
# Possible solutions:
#   Reduce memory load on the system
#   Increase physical memory or swap space
#   Check if swap backing store is full
#   Decrease Java heap size (-Xmx/-Xms)
#   Decrease number of Java threads
#   Decrease Java thread stack sizes (-Xss)
#   Set larger code cache with -XX:ReservedCodeCacheSize=
#   JVM is running with Unscaled Compressed Oops mode in which the Java heap is
#     placed in the first 4GB address space. The Java Heap base address is the
#     maximum limit for the native heap growth. Please use -XX:HeapBaseMinAddress
#     to set the Java Heap base and to place the Java Heap above 4GB virtual address.
# This output file may be truncated or incomplete.
#
#  Out of Memory Error (arena.cpp:189), pid=4320, tid=12760
#
# JRE version: OpenJDK Runtime Environment (17.0.6) (build 17.0.6+0-b2043.56-9586694)
# Java VM: OpenJDK 64-Bit Server VM (17.0.6+0-b2043.56-9586694, mixed mode, tiered, compressed oops, compressed class ptrs, g1 gc, windows-amd64)
# No core dump will be written. Minidumps are not enabled by default on client versions of Windows
#

---------------  S U M M A R Y ------------

Command Line: --add-opens=java.base/java.util=ALL-UNNAMED --add-opens=java.base/java.lang=ALL-UNNAMED --add-opens=java.base/java.lang.invoke=ALL-UNNAMED --add-opens=java.base/java.util=ALL-UNNAMED --add-opens=java.prefs/java.util.prefs=ALL-UNNAMED --add-opens=java.prefs/java.util.prefs=ALL-UNNAMED --add-opens=java.base/java.nio.charset=ALL-UNNAMED --add-opens=java.base/java.net=ALL-UNNAMED --add-opens=java.base/java.util.concurrent.atomic=ALL-UNNAMED -Xmx1024m -Dfile.encoding=windows-1252 -Duser.country=IN -Duser.language=en -Duser.variant org.gradle.launcher.daemon.bootstrap.GradleDaemon 7.5

Host: AMD Ryzen 3 3250U with Radeon Graphics         , 4 cores, 5G,  Windows 11 , 64 bit Build 22621 (10.0.22621.1485)
Time: Sat Apr 29 16:45:48 2023 India Standard Time elapsed time: 5.881474 seconds (0d 0h 0m 5s)

---------------  T H R E A D  ---------------

Current thread (0x0000021b558087b0):  JavaThread "C2 CompilerThread0" daemon [_thread_in_native, id=12760, stack(0x00000027fea00000,0x00000027feb00000)]


Current CompileTask:
C2:   5881 2220       4       java.net.URLClassLoader$1::run (5 bytes)

Stack: [0x00000027fea00000,0x00000027feb00000]
Native frames: (J=compiled Java code, j=interpreted, Vv=VM code, C=native code)
V  [jvm.dll+0x683b4a]
V  [jvm.dll+0x842654]
V  [jvm.dll+0x843dfe]
V  [jvm.dll+0x844463]
V  [jvm.dll+0x249b75]
V  [jvm.dll+0xabcac]
V  [jvm.dll+0xac27c]
V  [jvm.dll+0x368857]
V  [jvm.dll+0x1bd0b8]
V  [jvm.dll+0x21c359]
V  [jvm.dll+0x21b621]
V  [jvm.dll+0x1a4fdd]
V  [jvm.dll+0x22b098]
V  [jvm.dll+0x229159]
V  [jvm.dll+0x7f809c]
V  [jvm.dll+0x7f25fa]
V  [jvm.dll+0x682985]
C  [ucrtbase.dll+0x29363]
C  [KERNEL32.DLL+0x1269d]
C  [ntdll.dll+0x5a9f8]


---------------  P R O C E S S  ---------------

Threads class SMR info:
_java_thread_list=0x0000021b59d599b0, length=28, elements={
0x0000021b3dc30fe0, 0x0000021b54bb4580, 0x0000021b54bb7140, 0x0000021b54bfd330,
0x0000021b54bfdce0, 0x0000021b54c00aa0, 0x0000021b54c01450, 0x0000021b558087b0,
0x0000021b5580d5c0, 0x0000021b5580dec0, 0x0000021b55968f00, 0x0000021b5596bbf0,
0x0000021b5692f270, 0x0000021b582e7480, 0x0000021b568d0ad0, 0x0000021b56f095b0,
0x0000021b5661a4e0, 0x0000021b56f597c0, 0x0000021b571c8820, 0x0000021b5712c050,
0x0000021b57129500, 0x0000021b5712c520, 0x0000021b5712cec0, 0x0000021b5712c9f0,
0x0000021b5712b1e0, 0x0000021b57da30b0, 0x0000021b571299d0, 0x0000021b57129ea0
}

Java Threads: ( => current thread )
  0x0000021b3dc30fe0 JavaThread "main" [_thread_blocked, id=8164, stack(0x00000027fdd00000,0x00000027fde00000)]
  0x0000021b54bb4580 JavaThread "Reference Handler" daemon [_thread_blocked, id=7716, stack(0x00000027fe400000,0x00000027fe500000)]
  0x0000021b54bb7140 JavaThread "Finalizer" daemon [_thread_blocked, id=9828, stack(0x00000027fe500000,0x00000027fe600000)]
  0x0000021b54bfd330 JavaThread "Signal Dispatcher" daemon [_thread_blocked, id=11936, stack(0x00000027fe600000,0x00000027fe700000)]
  0x0000021b54bfdce0 JavaThread "Attach Listener" daemon [_thread_blocked, id=12232, stack(0x00000027fe700000,0x00000027fe800000)]
  0x0000021b54c00aa0 JavaThread "Service Thread" daemon [_thread_blocked, id=11992, stack(0x00000027fe800000,0x00000027fe900000)]
  0x0000021b54c01450 JavaThread "Monitor Deflation Thread" daemon [_thread_blocked, id=5336, stack(0x00000027fe900000,0x00000027fea00000)]
=>0x0000021b558087b0 JavaThread "C2 CompilerThread0" daemon [_thread_in_native, id=12760, stack(0x00000027fea00000,0x00000027feb00000)]
  0x0000021b5580d5c0 JavaThread "C1 CompilerThread0" daemon [_thread_blocked, id=4812, stack(0x00000027feb00000,0x00000027fec00000)]
  0x0000021b5580dec0 JavaThread "Sweeper thread" daemon [_thread_blocked, id=11332, stack(0x00000027fec00000,0x00000027fed00000)]
  0x0000021b55968f00 JavaThread "Common-Cleaner" daemon [_thread_blocked, id=3728, stack(0x00000027fed00000,0x00000027fee00000)]
  0x0000021b5596bbf0 JavaThread "Notification Thread" daemon [_thread_blocked, id=3428, stack(0x00000027fee00000,0x00000027fef00000)]
  0x0000021b5692f270 JavaThread "Daemon health stats" [_thread_blocked, id=8960, stack(0x00000027ff400000,0x00000027ff500000)]
  0x0000021b582e7480 JavaThread "Incoming local TCP Connector on port 55014" [_thread_in_native, id=4344, stack(0x00000027ff500000,0x00000027ff600000)]
  0x0000021b568d0ad0 JavaThread "Daemon periodic checks" [_thread_blocked, id=5584, stack(0x00000027ff000000,0x00000027ff100000)]
  0x0000021b56f095b0 JavaThread "Daemon" [_thread_blocked, id=9220, stack(0x00000027ff600000,0x00000027ff700000)]
  0x0000021b5661a4e0 JavaThread "Handler for socket connection from /127.0.0.1:55014 to /127.0.0.1:55015" [_thread_in_native, id=7368, stack(0x00000027ff700000,0x00000027ff800000)]
  0x0000021b56f597c0 JavaThread "Cancel handler" [_thread_blocked, id=4368, stack(0x00000027ff800000,0x00000027ff900000)]
  0x0000021b571c8820 JavaThread "Daemon worker" [_thread_in_vm, id=3948, stack(0x00000027ff900000,0x00000027ffa00000)]
  0x0000021b5712c050 JavaThread "Asynchronous log dispatcher for DefaultDaemonConnection: socket connection from /127.0.0.1:55014 to /127.0.0.1:55015" [_thread_blocked, id=8400, stack(0x00000027ffa00000,0x00000027ffb00000)]
  0x0000021b57129500 JavaThread "Stdin handler" [_thread_blocked, id=8736, stack(0x00000027ffb00000,0x00000027ffc00000)]
  0x0000021b5712c520 JavaThread "Daemon client event forwarder" [_thread_blocked, id=11608, stack(0x00000027ffc00000,0x00000027ffd00000)]
  0x0000021b5712cec0 JavaThread "Cache worker for journal cache (C:\Users\lenovo\.gradle\caches\journal-1)" [_thread_blocked, id=4284, stack(0x00000027ffe00000,0x00000027fff00000)]
  0x0000021b5712c9f0 JavaThread "File lock request listener" [_thread_in_native, id=8792, stack(0x00000027ffd00000,0x00000027ffe00000)]
  0x0000021b5712b1e0 JavaThread "Cache worker for file hash cache (C:\Users\lenovo\.gradle\caches\7.5\fileHashes)" [_thread_blocked, id=7336, stack(0x00000027fff00000,0x0000002800000000)]
  0x0000021b57da30b0 JavaThread "C2 CompilerThread1" daemon [_thread_in_native, id=7740, stack(0x0000002780000000,0x0000002780100000)]
  0x0000021b571299d0 JavaThread "File watcher server" daemon [_thread_in_native, id=6916, stack(0x0000002780100000,0x0000002780200000)]
  0x0000021b57129ea0 JavaThread "File watcher consumer" daemon [_thread_new, id=11880, stack(0x0000000000000000,0x0000000000000000)]

Other Threads:
  0x0000021b54bb0a40 VMThread "VM Thread" [stack: 0x00000027fe300000,0x00000027fe400000] [id=6128]
  0x0000021b55966bd0 WatcherThread [stack: 0x00000027fef00000,0x00000027ff000000] [id=9712]
  0x0000021b3dc6a620 GCTaskThread "GC Thread#0" [stack: 0x00000027fde00000,0x00000027fdf00000] [id=10852]
  0x0000021b55d0d8b0 GCTaskThread "GC Thread#1" [stack: 0x00000027ff100000,0x00000027ff200000] [id=10848]
  0x0000021b563b02a0 GCTaskThread "GC Thread#2" [stack: 0x00000027ff200000,0x00000027ff300000] [id=10768]
  0x0000021b55be3cc0 GCTaskThread "GC Thread#3" [stack: 0x00000027ff300000,0x00000027ff400000] [id=7876]
  0x0000021b3dc744f0 ConcurrentGCThread "G1 Main Marker" [stack: 0x00000027fdf00000,0x00000027fe000000] [id=9560]
  0x0000021b3dc76760 ConcurrentGCThread "G1 Conc#0" [stack: 0x00000027fe000000,0x00000027fe100000] [id=11420]
  0x0000021b3dcdce50 ConcurrentGCThread "G1 Refine#0" [stack: 0x00000027fe100000,0x00000027fe200000] [id=6796]
  0x0000021b3dcddf20 ConcurrentGCThread "G1 Service" [stack: 0x00000027fe200000,0x00000027fe300000] [id=10652]

Threads with active compile tasks:
C2 CompilerThread0     5922 2220       4       java.net.URLClassLoader$1::run (5 bytes)
C1 CompilerThread0     5923 2353       3       java.lang.Class::copyConstructors (38 bytes)
C2 CompilerThread1     5923 2221   !   4       java.net.URLClassLoader$1::run (81 bytes)

VM state: not at safepoint (normal execution)

VM Mutex/Monitor currently owned by a thread: None

Heap address: 0x00000000c0000000, size: 1024 MB, Compressed Oops mode: 32-bit

CDS archive(s) not mapped
Compressed class space mapped at: 0x0000000100000000-0x0000000140000000, reserved size: 1073741824
Narrow klass base: 0x0000000000000000, Narrow klass shift: 3, Narrow klass range: 0x140000000

GC Precious Log:
 CPUs: 4 total, 4 available
 Memory: 6020M
 Large Page Support: Disabled
 NUMA Support: Disabled
 Compressed Oops: Enabled (32-bit)
 Heap Region Size: 1M
 Heap Min Capacity: 8M
 Heap Initial Capacity: 96M
 Heap Max Capacity: 1G
 Pre-touch: Disabled
 Parallel Workers: 4
 Concurrent Workers: 1
 Concurrent Refinement Workers: 4
 Periodic GC: Disabled

Heap:
 garbage-first heap   total 65536K, used 25305K [0x00000000c0000000, 0x0000000100000000)
  region size 1024K, 9 young (9216K), 2 survivors (2048K)
 Metaspace       used 27586K, committed 27840K, reserved 1073152K
  class space    used 3688K, committed 3776K, reserved 1048576K

Heap Regions: E=young(eden), S=young(survivor), O=old, HS=humongous(starts), HC=humongous(continues), CS=collection set, F=free, OA=open archive, CA=closed archive, TAMS=top-at-mark-start (previous, next)
|   0|0x00000000c0000000, 0x00000000c0100000, 0x00000000c0100000|100%|HS|  |TAMS 0x00000000c0100000, 0x00000000c0000000| Complete 
|   1|0x00000000c0100000, 0x00000000c0200000, 0x00000000c0200000|100%|HC|  |TAMS 0x00000000c0200000, 0x00000000c0100000| Complete 
|   2|0x00000000c0200000, 0x00000000c0300000, 0x00000000c0300000|100%|HC|  |TAMS 0x00000000c0300000, 0x00000000c0200000| Complete 
|   3|0x00000000c0300000, 0x00000000c0400000, 0x00000000c0400000|100%| O|  |TAMS 0x00000000c0400000, 0x00000000c0300000| Untracked 
|   4|0x00000000c0400000, 0x00000000c0500000, 0x00000000c0500000|100%| O|  |TAMS 0x00000000c0500000, 0x00000000c0400000| Untracked 
|   5|0x00000000c0500000, 0x00000000c0600000, 0x00000000c0600000|100%| O|  |TAMS 0x00000000c0600000, 0x00000000c0500000| Untracked 
|   6|0x00000000c0600000, 0x00000000c0700000, 0x00000000c0700000|100%| O|  |TAMS 0x00000000c0700000, 0x00000000c0600000| Untracked 
|   7|0x00000000c0700000, 0x00000000c0800000, 0x00000000c0800000|100%| O|  |TAMS 0x00000000c0700000, 0x00000000c0700000| Untracked 
|   8|0x00000000c0800000, 0x00000000c0900000, 0x00000000c0900000|100%| O|  |TAMS 0x00000000c0900000, 0x00000000c0800000| Untracked 
|   9|0x00000000c0900000, 0x00000000c0a00000, 0x00000000c0a00000|100%| O|  |TAMS 0x00000000c0a00000, 0x00000000c0900000| Untracked 
|  10|0x00000000c0a00000, 0x00000000c0a36000, 0x00000000c0b00000| 21%| O|  |TAMS 0x00000000c0a36000, 0x00000000c0a00000| Untracked 
|  11|0x00000000c0b00000, 0x00000000c0c00000, 0x00000000c0c00000|100%| O|  |TAMS 0x00000000c0b00000, 0x00000000c0b00000| Untracked 
|  12|0x00000000c0c00000, 0x00000000c0d00000, 0x00000000c0d00000|100%| O|  |TAMS 0x00000000c0c00000, 0x00000000c0c00000| Untracked 
|  13|0x00000000c0d00000, 0x00000000c0e00000, 0x00000000c0e00000|100%| O|  |TAMS 0x00000000c0d00000, 0x00000000c0d00000| Untracked 
|  14|0x00000000c0e00000, 0x00000000c0f00000, 0x00000000c0f00000|100%| O|  |TAMS 0x00000000c0e00000, 0x00000000c0e00000| Untracked 
|  15|0x00000000c0f00000, 0x00000000c1000000, 0x00000000c1000000|100%| O|  |TAMS 0x00000000c0f00000, 0x00000000c0f00000| Untracked 
|  16|0x00000000c1000000, 0x00000000c1100000, 0x00000000c1100000|100%| O|  |TAMS 0x00000000c1000000, 0x00000000c1000000| Untracked 
|  17|0x00000000c1100000, 0x00000000c1180400, 0x00000000c1200000| 50%| O|  |TAMS 0x00000000c1100000, 0x00000000c1100000| Untracked 
|  18|0x00000000c1200000, 0x00000000c1200000, 0x00000000c1300000|  0%| F|  |TAMS 0x00000000c1200000, 0x00000000c1200000| Untracked 
|  19|0x00000000c1300000, 0x00000000c1300000, 0x00000000c1400000|  0%| F|  |TAMS 0x00000000c1300000, 0x00000000c1300000| Untracked 
|  20|0x00000000c1400000, 0x00000000c1400000, 0x00000000c1500000|  0%| F|  |TAMS 0x00000000c1400000, 0x00000000c1400000| Untracked 
|  21|0x00000000c1500000, 0x00000000c1500000, 0x00000000c1600000|  0%| F|  |TAMS 0x00000000c1500000, 0x00000000c1500000| Untracked 
|  22|0x00000000c1600000, 0x00000000c1600000, 0x00000000c1700000|  0%| F|  |TAMS 0x00000000c1600000, 0x00000000c1600000| Untracked 
|  23|0x00000000c1700000, 0x00000000c1700000, 0x00000000c1800000|  0%| F|  |TAMS 0x00000000c1700000, 0x00000000c1700000| Untracked 
|  24|0x00000000c1800000, 0x00000000c1900000, 0x00000000c1900000|100%| S|CS|TAMS 0x00000000c1800000, 0x00000000c1800000| Complete 
|  25|0x00000000c1900000, 0x00000000c1a00000, 0x00000000c1a00000|100%| S|CS|TAMS 0x00000000c1900000, 0x00000000c1900000| Complete 
|  26|0x00000000c1a00000, 0x00000000c1a00000, 0x00000000c1b00000|  0%| F|  |TAMS 0x00000000c1a00000, 0x00000000c1a00000| Untracked 
|  27|0x00000000c1b00000, 0x00000000c1b00000, 0x00000000c1c00000|  0%| F|  |TAMS 0x00000000c1b00000, 0x00000000c1b00000| Untracked 
|  28|0x00000000c1c00000, 0x00000000c1c00000, 0x00000000c1d00000|  0%| F|  |TAMS 0x00000000c1c00000, 0x00000000c1c00000| Untracked 
|  29|0x00000000c1d00000, 0x00000000c1d00000, 0x00000000c1e00000|  0%| F|  |TAMS 0x00000000c1d00000, 0x00000000c1d00000| Untracked 
|  30|0x00000000c1e00000, 0x00000000c1e00000, 0x00000000c1f00000|  0%| F|  |TAMS 0x00000000c1e00000, 0x00000000c1e00000| Untracked 
|  31|0x00000000c1f00000, 0x00000000c1f00000, 0x00000000c2000000|  0%| F|  |TAMS 0x00000000c1f00000, 0x00000000c1f00000| Untracked 
|  32|0x00000000c2000000, 0x00000000c2000000, 0x00000000c2100000|  0%| F|  |TAMS 0x00000000c2000000, 0x00000000c2000000| Untracked 
|  33|0x00000000c2100000, 0x00000000c2100000, 0x00000000c2200000|  0%| F|  |TAMS 0x00000000c2100000, 0x00000000c2100000| Untracked 
|  34|0x00000000c2200000, 0x00000000c2200000, 0x00000000c2300000|  0%| F|  |TAMS 0x00000000c2200000, 0x00000000c2200000| Untracked 
|  35|0x00000000c2300000, 0x00000000c2300000, 0x00000000c2400000|  0%| F|  |TAMS 0x00000000c2300000, 0x00000000c2300000| Untracked 
|  36|0x00000000c2400000, 0x00000000c2400000, 0x00000000c2500000|  0%| F|  |TAMS 0x00000000c2400000, 0x00000000c2400000| Untracked 
|  37|0x00000000c2500000, 0x00000000c2500000, 0x00000000c2600000|  0%| F|  |TAMS 0x00000000c2500000, 0x00000000c2500000| Untracked 
|  38|0x00000000c2600000, 0x00000000c2600000, 0x00000000c2700000|  0%| F|  |TAMS 0x00000000c2600000, 0x00000000c2600000| Untracked 
|  39|0x00000000c2700000, 0x00000000c2700000, 0x00000000c2800000|  0%| F|  |TAMS 0x00000000c2700000, 0x00000000c2700000| Untracked 
|  40|0x00000000c2800000, 0x00000000c2800000, 0x00000000c2900000|  0%| F|  |TAMS 0x00000000c2800000, 0x00000000c2800000| Untracked 
|  41|0x00000000c2900000, 0x00000000c2900000, 0x00000000c2a00000|  0%| F|  |TAMS 0x00000000c2900000, 0x00000000c2900000| Untracked 
|  42|0x00000000c2a00000, 0x00000000c2a00000, 0x00000000c2b00000|  0%| F|  |TAMS 0x00000000c2a00000, 0x00000000c2a00000| Untracked 
|  43|0x00000000c2b00000, 0x00000000c2b00000, 0x00000000c2c00000|  0%| F|  |TAMS 0x00000000c2b00000, 0x00000000c2b00000| Untracked 
|  44|0x00000000c2c00000, 0x00000000c2c00000, 0x00000000c2d00000|  0%| F|  |TAMS 0x00000000c2c00000, 0x00000000c2c00000| Untracked 
|  45|0x00000000c2d00000, 0x00000000c2d00000, 0x00000000c2e00000|  0%| F|  |TAMS 0x00000000c2d00000, 0x00000000c2d00000| Untracked 
|  46|0x00000000c2e00000, 0x00000000c2e00000, 0x00000000c2f00000|  0%| F|  |TAMS 0x00000000c2e00000, 0x00000000c2e00000| Untracked 
|  47|0x00000000c2f00000, 0x00000000c2f00000, 0x00000000c3000000|  0%| F|  |TAMS 0x00000000c2f00000, 0x00000000c2f00000| Untracked 
|  48|0x00000000c3000000, 0x00000000c3000000, 0x00000000c3100000|  0%| F|  |TAMS 0x00000000c3000000, 0x00000000c3000000| Untracked 
|  49|0x00000000c3100000, 0x00000000c3100000, 0x00000000c3200000|  0%| F|  |TAMS 0x00000000c3100000, 0x00000000c3100000| Untracked 
|  50|0x00000000c3200000, 0x00000000c3200000, 0x00000000c3300000|  0%| F|  |TAMS 0x00000000c3200000, 0x00000000c3200000| Untracked 
|  51|0x00000000c3300000, 0x00000000c3300000, 0x00000000c3400000|  0%| F|  |TAMS 0x00000000c3300000, 0x00000000c3300000| Untracked 
|  52|0x00000000c3400000, 0x00000000c3400000, 0x00000000c3500000|  0%| F|  |TAMS 0x00000000c3400000, 0x00000000c3400000| Untracked 
|  53|0x00000000c3500000, 0x00000000c3500000, 0x00000000c3600000|  0%| F|  |TAMS 0x00000000c3500000, 0x00000000c3500000| Untracked 
|  54|0x00000000c3600000, 0x00000000c3600000, 0x00000000c3700000|  0%| F|  |TAMS 0x00000000c3600000, 0x00000000c3600000| Untracked 
|  55|0x00000000c3700000, 0x00000000c3700000, 0x00000000c3800000|  0%| F|  |TAMS 0x00000000c3700000, 0x00000000c3700000| Untracked 
|  56|0x00000000c3800000, 0x00000000c3800000, 0x00000000c3900000|  0%| F|  |TAMS 0x00000000c3800000, 0x00000000c3800000| Untracked 
|  57|0x00000000c3900000, 0x00000000c3a00000, 0x00000000c3a00000|100%| E|  |TAMS 0x00000000c3900000, 0x00000000c3900000| Complete 
|  58|0x00000000c3a00000, 0x00000000c3b00000, 0x00000000c3b00000|100%| E|CS|TAMS 0x00000000c3a00000, 0x00000000c3a00000| Complete 
|  59|0x00000000c3b00000, 0x00000000c3c00000, 0x00000000c3c00000|100%| E|CS|TAMS 0x00000000c3b00000, 0x00000000c3b00000| Complete 
|  60|0x00000000c3c00000, 0x00000000c3d00000, 0x00000000c3d00000|100%| E|CS|TAMS 0x00000000c3c00000, 0x00000000c3c00000| Complete 
|  61|0x00000000c3d00000, 0x00000000c3e00000, 0x00000000c3e00000|100%| E|CS|TAMS 0x00000000c3d00000, 0x00000000c3d00000| Complete 
|  62|0x00000000c3e00000, 0x00000000c3f00000, 0x00000000c3f00000|100%| E|CS|TAMS 0x00000000c3e00000, 0x00000000c3e00000| Complete 
|  95|0x00000000c5f00000, 0x00000000c6000000, 0x00000000c6000000|100%| E|CS|TAMS 0x00000000c5f00000, 0x00000000c5f00000| Complete 

Card table byte_map: [0x0000021b502e0000,0x0000021b504e0000] _byte_map_base: 0x0000021b4fce0000

Marking Bits (Prev, Next): (CMBitMap*) 0x0000021b3dc6ac70, (CMBitMap*) 0x0000021b3dc6ac30
 Prev Bits: [0x0000021b516e0000, 0x0000021b526e0000)
 Next Bits: [0x0000021b506e0000, 0x0000021b516e0000)

Polling page: 0x0000021b3bb50000

Metaspace:

Usage:
  Non-class:     23.34 MB used.
      Class:      3.60 MB used.
       Both:     26.95 MB used.

Virtual space:
  Non-class space:       24.00 MB reserved,      23.50 MB ( 98%) committed,  3 nodes.
      Class space:        1.00 GB reserved,       3.75 MB ( <1%) committed,  1 nodes.
             Both:        1.02 GB reserved,      27.25 MB (  3%) committed. 

Chunk freelists:
   Non-Class:  458.00 KB
       Class:  191.00 KB
        Both:  649.00 KB

MaxMetaspaceSize: unlimited
CompressedClassSpaceSize: 1.00 GB
Initial GC threshold: 21.00 MB
Current GC threshold: 35.25 MB
CDS: off
MetaspaceReclaimPolicy: balanced
 - commit_granule_bytes: 65536.
 - commit_granule_words: 8192.
 - virtual_space_node_default_size: 1048576.
 - enlarge_chunks_in_place: 1.
 - new_chunks_are_fully_committed: 0.
 - uncommit_free_chunks: 1.
 - use_allocation_guard: 0.
 - handle_deallocations: 1.


Internal statistics:

num_allocs_failed_limit: 3.
num_arena_births: 212.
num_arena_deaths: 0.
num_vsnodes_births: 4.
num_vsnodes_deaths: 0.
num_space_committed: 436.
num_space_uncommitted: 0.
num_chunks_returned_to_freelist: 3.
num_chunks_taken_from_freelist: 865.
num_chunk_merges: 3.
num_chunk_splits: 568.
num_chunks_enlarged: 426.
num_purges: 0.
num_inconsistent_stats: 0.

CodeHeap 'non-profiled nmethods': size=120000Kb used=1285Kb max_used=1285Kb free=118714Kb
 bounds [0x0000021b48bb0000, 0x0000021b48e20000, 0x0000021b500e0000]
CodeHeap 'profiled nmethods': size=120000Kb used=4826Kb max_used=4826Kb free=115173Kb
 bounds [0x0000021b410e0000, 0x0000021b415a0000, 0x0000021b48610000]
CodeHeap 'non-nmethods': size=5760Kb used=1225Kb max_used=1283Kb free=4534Kb
 bounds [0x0000021b48610000, 0x0000021b48880000, 0x0000021b48bb0000]
 total_blobs=2880 nmethods=2345 adapters=447
 compilation: enabled
              stopped_count=0, restarted_count=0
 full_count=0

Compilation events (20 events):
Event: 5.794 Thread 0x0000021b5580d5c0 2337       3       java.lang.reflect.Constructor::getRoot (5 bytes)
Event: 5.794 Thread 0x0000021b5580d5c0 nmethod 2337 0x0000021b4158f390 code [0x0000021b4158f520, 0x0000021b4158f638]
Event: 5.795 Thread 0x0000021b5580d5c0 2338       3       java.util.concurrent.locks.ReentrantLock$NonfairSync::initialTryLock (58 bytes)
Event: 5.795 Thread 0x0000021b5580d5c0 nmethod 2338 0x0000021b4158f710 code [0x0000021b4158f8e0, 0x0000021b4158fcf8]
Event: 5.815 Thread 0x0000021b5580d5c0 2339       3       java.util.concurrent.locks.AbstractQueuedSynchronizer::signalNext (34 bytes)
Event: 5.816 Thread 0x0000021b5580d5c0 nmethod 2339 0x0000021b4158fe10 code [0x0000021b4158ffe0, 0x0000021b41590298]
Event: 5.817 Thread 0x0000021b5580d5c0 2340       3       com.google.common.base.CharMatcher$IsEither::matches (22 bytes)
Event: 5.817 Thread 0x0000021b5580d5c0 nmethod 2340 0x0000021b41590410 code [0x0000021b415905a0, 0x0000021b41590758]
Event: 5.820 Thread 0x0000021b5580d5c0 2342       3       java.util.Collections$UnmodifiableCollection::size (10 bytes)
Event: 5.820 Thread 0x0000021b5580d5c0 nmethod 2342 0x0000021b41590810 code [0x0000021b415909c0, 0x0000021b41590b88]
Event: 5.821 Thread 0x0000021b5580d5c0 2343       3       java.util.concurrent.locks.ReentrantLock::<init> (16 bytes)
Event: 5.821 Thread 0x0000021b5580d5c0 nmethod 2343 0x0000021b41590c90 code [0x0000021b41590e60, 0x0000021b41591258]
Event: 5.821 Thread 0x0000021b5580d5c0 2344       3       java.util.Collections$UnmodifiableList::get (11 bytes)
Event: 5.821 Thread 0x0000021b5580d5c0 nmethod 2344 0x0000021b41591410 code [0x0000021b415915c0, 0x0000021b41591788]
Event: 5.821 Thread 0x0000021b5580d5c0 2345       1       org.gradle.api.internal.file.pattern.EndOfPathMatcher::getMaxSegments (2 bytes)
Event: 5.821 Thread 0x0000021b5580d5c0 nmethod 2345 0x0000021b48cf0410 code [0x0000021b48cf05a0, 0x0000021b48cf0678]
Event: 5.822 Thread 0x0000021b5580d5c0 2346       3       org.gradle.api.internal.file.pattern.PatternMatcherFactory::compile (117 bytes)
Event: 5.822 Thread 0x0000021b5580d5c0 nmethod 2346 0x0000021b41591890 code [0x0000021b41591b20, 0x0000021b41592818]
Event: 5.825 Thread 0x0000021b5580d5c0 2347   !   3       jdk.internal.reflect.NativeMethodAccessorImpl::invoke (137 bytes)
Event: 5.827 Thread 0x0000021b5580d5c0 nmethod 2347 0x0000021b41592b90 code [0x0000021b41592de0, 0x0000021b41593a08]

GC Heap History (10 events):
Event: 0.966 GC heap before
{Heap before GC invocations=0 (full 0):
 garbage-first heap   total 98304K, used 15360K [0x00000000c0000000, 0x0000000100000000)
  region size 1024K, 13 young (13312K), 0 survivors (0K)
 Metaspace       used 7086K, committed 7296K, reserved 1056768K
  class space    used 609K, committed 704K, reserved 1048576K
}
Event: 0.973 GC heap after
{Heap after GC invocations=1 (full 0):
 garbage-first heap   total 98304K, used 3504K [0x00000000c0000000, 0x0000000100000000)
  region size 1024K, 2 young (2048K), 2 survivors (2048K)
 Metaspace       used 7086K, committed 7296K, reserved 1056768K
  class space    used 609K, committed 704K, reserved 1048576K
}
Event: 1.986 GC heap before
{Heap before GC invocations=1 (full 0):
 garbage-first heap   total 98304K, used 21936K [0x00000000c0000000, 0x0000000100000000)
  region size 1024K, 17 young (17408K), 2 survivors (2048K)
 Metaspace       used 11101K, committed 11264K, reserved 1064960K
  class space    used 1163K, committed 1216K, reserved 1048576K
}
Event: 1.991 GC heap after
{Heap after GC invocations=2 (full 0):
 garbage-first heap   total 98304K, used 9653K [0x00000000c0000000, 0x0000000100000000)
  region size 1024K, 3 young (3072K), 3 survivors (3072K)
 Metaspace       used 11101K, committed 11264K, reserved 1064960K
  class space    used 1163K, committed 1216K, reserved 1048576K
}
Event: 2.506 GC heap before
{Heap before GC invocations=2 (full 0):
 garbage-first heap   total 98304K, used 32181K [0x00000000c0000000, 0x0000000100000000)
  region size 1024K, 24 young (24576K), 3 survivors (3072K)
 Metaspace       used 11217K, committed 11328K, reserved 1064960K
  class space    used 1164K, committed 1216K, reserved 1048576K
}
Event: 2.511 GC heap after
{Heap after GC invocations=3 (full 0):
 garbage-first heap   total 98304K, used 12098K [0x00000000c0000000, 0x0000000100000000)
  region size 1024K, 3 young (3072K), 3 survivors (3072K)
 Metaspace       used 11217K, committed 11328K, reserved 1064960K
  class space    used 1164K, committed 1216K, reserved 1048576K
}
Event: 4.438 GC heap before
{Heap before GC invocations=3 (full 0):
 garbage-first heap   total 98304K, used 53058K [0x00000000c0000000, 0x0000000100000000)
  region size 1024K, 44 young (45056K), 3 survivors (3072K)
 Metaspace       used 21269K, committed 21504K, reserved 1073152K
  class space    used 2582K, committed 2688K, reserved 1048576K
}
Event: 4.447 GC heap after
{Heap after GC invocations=4 (full 0):
 garbage-first heap   total 98304K, used 17340K [0x00000000c0000000, 0x0000000100000000)
  region size 1024K, 8 young (8192K), 8 survivors (8192K)
 Metaspace       used 21269K, committed 21504K, reserved 1073152K
  class space    used 2582K, committed 2688K, reserved 1048576K
}
Event: 5.437 GC heap before
{Heap before GC invocations=5 (full 0):
 garbage-first heap   total 65536K, used 47036K [0x00000000c0000000, 0x0000000100000000)
  region size 1024K, 38 young (38912K), 8 survivors (8192K)
 Metaspace       used 26366K, committed 26624K, reserved 1073152K
  class space    used 3479K, committed 3584K, reserved 1048576K
}
Event: 5.449 GC heap after
{Heap after GC invocations=6 (full 0):
 garbage-first heap   total 65536K, used 19161K [0x00000000c0000000, 0x0000000100000000)
  region size 1024K, 2 young (2048K), 2 survivors (2048K)
 Metaspace       used 26366K, committed 26624K, reserved 1073152K
  class space    used 3479K, committed 3584K, reserved 1048576K
}

Dll operation events (2 events):
Event: 0.018 Loaded shared library C:\Program Files\Android\Android Studio\jbr\bin\java.dll
Event: 0.871 Loaded shared library C:\Program Files\Android\Android Studio\jbr\bin\verify.dll

Deoptimization events (20 events):
Event: 4.349 Thread 0x0000021b571c8820 DEOPT PACKING pc=0x0000021b48bc8e0c sp=0x00000027ff9fcc50
Event: 4.349 Thread 0x0000021b571c8820 DEOPT UNPACKING pc=0x0000021b486669a3 sp=0x00000027ff9fcbf8 mode 2
Event: 4.351 Thread 0x0000021b571c8820 Uncommon trap: trap_request=0xffffff45 fr.pc=0x0000021b48c23fc0 relative=0x00000000000005a0
Event: 4.351 Thread 0x0000021b571c8820 Uncommon trap: reason=unstable_if action=reinterpret pc=0x0000021b48c23fc0 method=java.io.File.getName()Ljava/lang/String; @ 16 c2
Event: 4.351 Thread 0x0000021b571c8820 DEOPT PACKING pc=0x0000021b48c23fc0 sp=0x00000027ff9fcbf0
Event: 4.351 Thread 0x0000021b571c8820 DEOPT UNPACKING pc=0x0000021b486669a3 sp=0x00000027ff9fcbc0 mode 2
Event: 4.937 Thread 0x0000021b571c8820 Uncommon trap: trap_request=0xffffff45 fr.pc=0x0000021b48bee608 relative=0x0000000000000248
Event: 4.937 Thread 0x0000021b571c8820 Uncommon trap: reason=unstable_if action=reinterpret pc=0x0000021b48bee608 method=java.util.HashMap.getNode(Ljava/lang/Object;)Ljava/util/HashMap$Node; @ 66 c2
Event: 4.937 Thread 0x0000021b571c8820 DEOPT PACKING pc=0x0000021b48bee608 sp=0x00000027ff9fac60
Event: 4.937 Thread 0x0000021b571c8820 DEOPT UNPACKING pc=0x0000021b486669a3 sp=0x00000027ff9fabe0 mode 2
Event: 4.959 Thread 0x0000021b571c8820 Uncommon trap: trap_request=0xffffff45 fr.pc=0x0000021b48c5ccac relative=0x00000000000003ec
Event: 4.959 Thread 0x0000021b571c8820 Uncommon trap: reason=unstable_if action=reinterpret pc=0x0000021b48c5ccac method=java.util.concurrent.ConcurrentHashMap.get(Ljava/lang/Object;)Ljava/lang/Object; @ 152 c2
Event: 4.959 Thread 0x0000021b571c8820 DEOPT PACKING pc=0x0000021b48c5ccac sp=0x00000027ff9fa1a0
Event: 4.959 Thread 0x0000021b571c8820 DEOPT UNPACKING pc=0x0000021b486669a3 sp=0x00000027ff9fa128 mode 2
Event: 5.152 Thread 0x0000021b571c8820 DEOPT PACKING pc=0x0000021b414c2254 sp=0x00000027ff9f96b0
Event: 5.152 Thread 0x0000021b571c8820 DEOPT UNPACKING pc=0x0000021b48667143 sp=0x00000027ff9f8c08 mode 0
Event: 5.813 Thread 0x0000021b571c8820 Uncommon trap: trap_request=0xffffff76 fr.pc=0x0000021b48ce0980 relative=0x0000000000000160
Event: 5.813 Thread 0x0000021b571c8820 Uncommon trap: reason=predicate action=maybe_recompile pc=0x0000021b48ce0980 method=com.google.common.base.CharMatcher.indexIn(Ljava/lang/CharSequence;I)I @ 19 c2
Event: 5.813 Thread 0x0000021b571c8820 DEOPT PACKING pc=0x0000021b48ce0980 sp=0x00000027ff9fb720
Event: 5.813 Thread 0x0000021b571c8820 DEOPT UNPACKING pc=0x0000021b486669a3 sp=0x00000027ff9fb6b0 mode 2

Classes unloaded (0 events):
No events

Classes redefined (0 events):
No events

Internal exceptions (20 events):
Event: 4.161 Thread 0x0000021b571c8820 Exception <a 'java/lang/NoSuchMethodError'{0x00000000c3c13470}: 'java.lang.Object java.lang.invoke.Invokers$Holder.linkToTargetMethod(java.lang.Object, java.lang.Object, int, java.lang.Object)'> (0x00000000c3c13470) 
thrown [s\src\hotspot\share\interpreter\linkResolver.cpp, line 771]
Event: 4.390 Thread 0x0000021b571c8820 Exception <a 'java/lang/NoSuchMethodError'{0x00000000c35884a0}: 'java.lang.Object java.lang.invoke.DirectMethodHandle$Holder.newInvokeSpecial(java.lang.Object, java.lang.Object, java.lang.Object, java.lang.Object, java.lang.Object, java.lang.Object)'> (0x00000000c35884a0) 
thrown [s\src\hotspot\share\interpreter\linkResolver.cpp, line 771]
Event: 4.611 Thread 0x0000021b571c8820 Exception <a 'java/lang/NoSuchMethodError'{0x00000000c3989820}: 'int java.lang.invoke.DirectMethodHandle$Holder.invokeSpecialIFC(java.lang.Object, java.lang.Object, java.lang.Object, java.lang.Object)'> (0x00000000c3989820) 
thrown [s\src\hotspot\share\interpreter\linkResolver.cpp, line 771]
Event: 4.613 Thread 0x0000021b571c8820 Exception <a 'java/lang/NoSuchMethodError'{0x00000000c3998878}: 'java.lang.Object java.lang.invoke.DirectMethodHandle$Holder.invokeInterface(java.lang.Object, java.lang.Object, java.lang.Object)'> (0x00000000c3998878) 
thrown [s\src\hotspot\share\interpreter\linkResolver.cpp, line 771]
Event: 4.613 Thread 0x0000021b571c8820 Exception <a 'java/lang/IncompatibleClassChangeError'{0x00000000c399c750}: Found class java.lang.Object, but interface was expected> (0x00000000c399c750) 
thrown [s\src\hotspot\share\interpreter\linkResolver.cpp, line 838]
Event: 4.689 Thread 0x0000021b571c8820 Exception <a 'java/lang/NoSuchMethodError'{0x00000000c363f708}: 'int java.lang.invoke.DirectMethodHandle$Holder.invokeStatic(java.lang.Object, java.lang.Object, java.lang.Object, java.lang.Object)'> (0x00000000c363f708) 
thrown [s\src\hotspot\share\interpreter\linkResolver.cpp, line 771]
Event: 4.690 Thread 0x0000021b571c8820 Exception <a 'java/lang/NoSuchMethodError'{0x00000000c36435d8}: 'java.lang.Object java.lang.invoke.Invokers$Holder.invokeExact_MT(java.lang.Object, java.lang.Object, java.lang.Object, java.lang.Object, java.lang.Object, java.lang.Object)'> (0x00000000c36435d8) 
thrown [s\src\hotspot\share\interpreter\linkResolver.cpp, line 771]
Event: 4.707 Thread 0x0000021b571c8820 Exception <a 'java/lang/NoSuchMethodError'{0x00000000c36e7a38}: 'java.lang.Object java.lang.invoke.DirectMethodHandle$Holder.invokeInterface(java.lang.Object, java.lang.Object)'> (0x00000000c36e7a38) 
thrown [s\src\hotspot\share\interpreter\linkResolver.cpp, line 771]
Event: 4.740 Thread 0x0000021b571c8820 Exception <a 'java/lang/NoSuchMethodError'{0x00000000c3493f10}: 'void java.lang.invoke.DirectMethodHandle$Holder.invokeSpecial(java.lang.Object, java.lang.Object, java.lang.Object, java.lang.Object, java.lang.Object)'> (0x00000000c3493f10) 
thrown [s\src\hotspot\share\interpreter\linkResolver.cpp, line 771]
Event: 4.774 Thread 0x0000021b571c8820 Exception <a 'java/lang/NoSuchMethodError'{0x00000000c2bcc860}: 'java.lang.Object java.lang.invoke.DirectMethodHandle$Holder.invokeSpecial(java.lang.Object, java.lang.Object, java.lang.Object, java.lang.Object, java.lang.Object, java.lang.Object, java.lang.Object, java.lang.Object, java.lang.Object)'> (0x00000000c2bcc860) 
thrown [s\src\hotspot\share\interpreter\linkResolver.cpp, line 771]
Event: 4.880 Thread 0x0000021b571c8820 Exception <a 'java/lang/NoSuchMethodError'{0x00000000c27ec5f0}: 'void java.lang.invoke.DirectMethodHandle$Holder.invokeStatic(java.lang.Object, java.lang.Object)'> (0x00000000c27ec5f0) 
thrown [s\src\hotspot\share\interpreter\linkResolver.cpp, line 771]
Event: 4.886 Thread 0x0000021b571c8820 Exception <a 'java/lang/NoSuchMethodError'{0x00000000c262edb8}: 'java.lang.Object java.lang.invoke.DirectMethodHandle$Holder.invokeVirtual(java.lang.Object, java.lang.Object, java.lang.Object, java.lang.Object)'> (0x00000000c262edb8) 
thrown [s\src\hotspot\share\interpreter\linkResolver.cpp, line 771]
Event: 4.949 Thread 0x0000021b571c8820 Exception <a 'java/lang/NoSuchMethodError'{0x00000000c2480818}: 'java.lang.Object java.lang.invoke.DirectMethodHandle$Holder.newInvokeSpecial(java.lang.Object, java.lang.Object, java.lang.Object, java.lang.Object, java.lang.Object)'> (0x00000000c2480818) 
thrown [s\src\hotspot\share\interpreter\linkResolver.cpp, line 771]
Event: 5.021 Thread 0x0000021b571c8820 Exception <a 'java/lang/NoSuchMethodError'{0x00000000c228c3f0}: 'void java.lang.invoke.DirectMethodHandle$Holder.invokeSpecial(java.lang.Object, java.lang.Object, java.lang.Object, java.lang.Object, java.lang.Object, java.lang.Object)'> (0x00000000c228c3f0) 
thrown [s\src\hotspot\share\interpreter\linkResolver.cpp, line 771]
Event: 5.027 Thread 0x0000021b571c8820 Exception <a 'java/lang/NoSuchMethodError'{0x00000000c22c72a0}: 'java.lang.Object java.lang.invoke.DirectMethodHandle$Holder.newInvokeSpecial(java.lang.Object, java.lang.Object, java.lang.Object, java.lang.Object, java.lang.Object, java.lang.Object, java.lang.Object)'> (0x00000000c22c72a0) 
thrown [s\src\hotspot\share\interpreter\linkResolver.cpp, line 771]
Event: 5.028 Thread 0x0000021b571c8820 Exception <a 'java/lang/NoSuchMethodError'{0x00000000c22cbf70}: 'java.lang.Object java.lang.invoke.Invokers$Holder.linkToTargetMethod(java.lang.Object, java.lang.Object, java.lang.Object, java.lang.Object, java.lang.Object, java.lang.Object, java.lang.Object)'> (0x00000000c22cbf70) 
thrown [s\src\hotspot\share\interpreter\linkResolver.cpp, line 771]
Event: 5.053 Thread 0x0000021b571c8820 Exception <a 'java/lang/NoSuchMethodError'{0x00000000c2191060}: 'void java.lang.invoke.DirectMethodHandle$Holder.invokeSpecial(java.lang.Object, java.lang.Object, java.lang.Object, java.lang.Object, java.lang.Object, java.lang.Object, java.lang.Object)'> (0x00000000c2191060) 
thrown [s\src\hotspot\share\interpreter\linkResolver.cpp, line 771]
Event: 5.086 Thread 0x0000021b571c8820 Exception <a 'java/lang/NoSuchMethodError'{0x00000000c1f19668}: 'java.lang.Object java.lang.invoke.DirectMethodHandle$Holder.invokeVirtual(java.lang.Object, java.lang.Object, java.lang.Object, java.lang.Object, java.lang.Object, java.lang.Object, java.lang.Object, java.lang.Object, java.lang.Object, java.lang.Object, java.lang.Object, java.lang.Object, java.lang.Object, java.lang.Object, java.lang.Object, java.lang.Object, java.lang.Object, java.lang.Object, java.lang.Object, java.lang.Object, java.lang.Ob
Event: 5.269 Thread 0x0000021b571c8820 Exception <a 'java/lang/NoSuchMethodError'{0x00000000c1cfeab0}: 'int java.lang.invoke.DirectMethodHandle$Holder.invokeStaticInit(java.lang.Object, java.lang.Object, java.lang.Object)'> (0x00000000c1cfeab0) 
thrown [s\src\hotspot\share\interpreter\linkResolver.cpp, line 771]
Event: 5.594 Thread 0x0000021b571c8820 Exception <a 'java/lang/NoSuchMethodError'{0x00000000c3d119e0}: 'void java.lang.invoke.DirectMethodHandle$Holder.invokeStaticInit(java.lang.Object, java.lang.Object)'> (0x00000000c3d119e0) 
thrown [s\src\hotspot\share\interpreter\linkResolver.cpp, line 771]

VM Operations (20 events):
Event: 3.705 Executing VM operation: HandshakeAllThreads
Event: 3.705 Executing VM operation: HandshakeAllThreads done
Event: 3.705 Executing VM operation: Cleanup
Event: 3.705 Executing VM operation: Cleanup done
Event: 3.780 Executing VM operation: HandshakeAllThreads
Event: 3.780 Executing VM operation: HandshakeAllThreads done
Event: 4.358 Executing VM operation: HandshakeAllThreads
Event: 4.358 Executing VM operation: HandshakeAllThreads done
Event: 4.408 Executing VM operation: HandshakeAllThreads
Event: 4.409 Executing VM operation: HandshakeAllThreads done
Event: 4.409 Executing VM operation: HandshakeAllThreads
Event: 4.409 Executing VM operation: HandshakeAllThreads done
Event: 4.438 Executing VM operation: CollectForMetadataAllocation
Event: 4.448 Executing VM operation: CollectForMetadataAllocation done
Event: 4.460 Executing VM operation: G1Concurrent
Event: 4.463 Executing VM operation: G1Concurrent done
Event: 4.467 Executing VM operation: G1Concurrent
Event: 4.471 Executing VM operation: G1Concurrent done
Event: 5.436 Executing VM operation: G1CollectForAllocation
Event: 5.449 Executing VM operation: G1CollectForAllocation done

Events (20 events):
Event: 5.217 loading class java/util/concurrent/atomic/AtomicReferenceFieldUpdater$AtomicReferenceFieldUpdaterImpl$1
Event: 5.217 loading class java/util/concurrent/atomic/AtomicReferenceFieldUpdater$AtomicReferenceFieldUpdaterImpl$1 done
Event: 5.217 loading class sun/reflect/misc/ReflectUtil
Event: 5.217 loading class sun/reflect/misc/ReflectUtil done
Event: 5.525 loading class java/util/DualPivotQuicksort
Event: 5.525 loading class java/util/DualPivotQuicksort done
Event: 5.790 loading class java/util/function/UnaryOperator
Event: 5.791 loading class java/util/function/UnaryOperator done
Event: 5.805 loading class java/util/concurrent/TimeoutException
Event: 5.805 loading class java/util/concurrent/TimeoutException done
Event: 5.805 loading class java/util/concurrent/CancellationException
Event: 5.805 loading class java/util/concurrent/CancellationException done
Event: 5.809 loading class java/util/ServiceConfigurationError
Event: 5.810 loading class java/util/ServiceConfigurationError done
Event: 5.875 loading class java/util/stream/ForEachOps
Event: 5.875 loading class java/util/stream/ForEachOps done
Event: 5.875 loading class java/util/stream/ForEachOps$ForEachOp$OfRef
Event: 5.875 loading class java/util/stream/ForEachOps$ForEachOp
Event: 5.875 loading class java/util/stream/ForEachOps$ForEachOp done
Event: 5.875 loading class java/util/stream/ForEachOps$ForEachOp$OfRef done


Dynamic libraries:
0x00007ff65a050000 - 0x00007ff65a05a000 	C:\Program Files\Android\Android Studio\jbr\bin\java.exe
0x00007ffe2ee50000 - 0x00007ffe2f064000 	C:\WINDOWS\SYSTEM32\ntdll.dll
0x00007ffe2d130000 - 0x00007ffe2d1f2000 	C:\WINDOWS\System32\KERNEL32.DLL
0x00007ffe2c660000 - 0x00007ffe2c9fc000 	C:\WINDOWS\System32\KERNELBASE.dll
0x00007ffe297f0000 - 0x00007ffe29886000 	C:\WINDOWS\SYSTEM32\apphelp.dll
0x00007ffe2c540000 - 0x00007ffe2c651000 	C:\WINDOWS\System32\ucrtbase.dll
0x00007ffe1ecc0000 - 0x00007ffe1ecdb000 	C:\Program Files\Android\Android Studio\jbr\bin\VCRUNTIME140.dll
0x00007ffe1ffc0000 - 0x00007ffe1ffd7000 	C:\Program Files\Android\Android Studio\jbr\bin\jli.dll
0x00007ffe2ec50000 - 0x00007ffe2edfb000 	C:\WINDOWS\System32\USER32.dll
0x00007ffe14170000 - 0x00007ffe143fe000 	C:\WINDOWS\WinSxS\amd64_microsoft.windows.common-controls_6595b64144ccf1df_6.0.22621.608_none_a9444ca7c10bb01d\COMCTL32.dll
0x00007ffe2c290000 - 0x00007ffe2c2b6000 	C:\WINDOWS\System32\win32u.dll
0x00007ffe2dbc0000 - 0x00007ffe2dc67000 	C:\WINDOWS\System32\msvcrt.dll
0x00007ffe2d100000 - 0x00007ffe2d129000 	C:\WINDOWS\System32\GDI32.dll
0x00007ffe2cb40000 - 0x00007ffe2cc53000 	C:\WINDOWS\System32\gdi32full.dll
0x00007ffe2c4a0000 - 0x00007ffe2c53a000 	C:\WINDOWS\System32\msvcp_win.dll
0x00007ffe2ce10000 - 0x00007ffe2ce41000 	C:\WINDOWS\System32\IMM32.DLL
0x00007ffe28ff0000 - 0x00007ffe28ffc000 	C:\Program Files\Android\Android Studio\jbr\bin\vcruntime140_1.dll
0x00007ffe1c880000 - 0x00007ffe1c90d000 	C:\Program Files\Android\Android Studio\jbr\bin\msvcp140.dll
0x00007ffdcdde0000 - 0x00007ffdcea4d000 	C:\Program Files\Android\Android Studio\jbr\bin\server\jvm.dll
0x00007ffe2dd60000 - 0x00007ffe2de0e000 	C:\WINDOWS\System32\ADVAPI32.dll
0x00007ffe2ce70000 - 0x00007ffe2cf14000 	C:\WINDOWS\System32\sechost.dll
0x00007ffe2e600000 - 0x00007ffe2e717000 	C:\WINDOWS\System32\RPCRT4.dll
0x00007ffe25a10000 - 0x00007ffe25a19000 	C:\WINDOWS\SYSTEM32\WSOCK32.dll
0x00007ffe2dcd0000 - 0x00007ffe2dd41000 	C:\WINDOWS\System32\WS2_32.dll
0x00007ffe23960000 - 0x00007ffe23994000 	C:\WINDOWS\SYSTEM32\WINMM.dll
0x00007ffe24530000 - 0x00007ffe2453a000 	C:\WINDOWS\SYSTEM32\VERSION.dll
0x00007ffe2b2e0000 - 0x00007ffe2b2f8000 	C:\WINDOWS\SYSTEM32\kernel.appcore.dll
0x00007ffe24220000 - 0x00007ffe2422a000 	C:\Program Files\Android\Android Studio\jbr\bin\jimage.dll
0x00007ffe1f920000 - 0x00007ffe1fb4e000 	C:\WINDOWS\SYSTEM32\DBGHELP.DLL
0x00007ffe2e8c0000 - 0x00007ffe2ec49000 	C:\WINDOWS\System32\combase.dll
0x00007ffe2d020000 - 0x00007ffe2d0f7000 	C:\WINDOWS\System32\OLEAUT32.dll
0x00007ffe13d80000 - 0x00007ffe13db2000 	C:\WINDOWS\SYSTEM32\dbgcore.DLL
0x00007ffe2ca00000 - 0x00007ffe2ca7b000 	C:\WINDOWS\System32\bcryptPrimitives.dll
0x00007ffe1d910000 - 0x00007ffe1d935000 	C:\Program Files\Android\Android Studio\jbr\bin\java.dll
0x00007ffe1d8f0000 - 0x00007ffe1d908000 	C:\Program Files\Android\Android Studio\jbr\bin\zip.dll
0x00007ffe2de10000 - 0x00007ffe2e600000 	C:\WINDOWS\System32\SHELL32.dll
0x00007ffe2a2a0000 - 0x00007ffe2ab6d000 	C:\WINDOWS\SYSTEM32\windows.storage.dll
0x00007ffe2a160000 - 0x00007ffe2a29e000 	C:\WINDOWS\SYSTEM32\wintypes.dll
0x00007ffe2ccc0000 - 0x00007ffe2cdb1000 	C:\WINDOWS\System32\SHCORE.dll
0x00007ffe2cc60000 - 0x00007ffe2ccbe000 	C:\WINDOWS\System32\shlwapi.dll
0x00007ffe2c1c0000 - 0x00007ffe2c1e1000 	C:\WINDOWS\SYSTEM32\profapi.dll
0x00007ffe1d8d0000 - 0x00007ffe1d8e9000 	C:\Program Files\Android\Android Studio\jbr\bin\net.dll
0x00007ffe24000000 - 0x00007ffe24137000 	C:\WINDOWS\SYSTEM32\WINHTTP.dll
0x00007ffe2b750000 - 0x00007ffe2b7b9000 	C:\WINDOWS\system32\mswsock.dll
0x00007ffe1d510000 - 0x00007ffe1d526000 	C:\Program Files\Android\Android Studio\jbr\bin\nio.dll
0x00007ffe1d4e0000 - 0x00007ffe1d4f0000 	C:\Program Files\Android\Android Studio\jbr\bin\verify.dll
0x00007ffe1eb60000 - 0x00007ffe1eb87000 	C:\Users\lenovo\.gradle\native\e1d6ef7f7dcc3fd88c89a11ec53ec762bb8ba0a96d01ffa2cd45eb1d1d8dd5c5\windows-amd64\native-platform.dll
0x00007ffe08c60000 - 0x00007ffe08da4000 	C:\Users\lenovo\.gradle\native\0d407fdbe67a94daf76414ababcb853783967236a71b16ec16e742cd7a986fd3\windows-amd64\native-platform-file-events.dll
0x00007ffe1e950000 - 0x00007ffe1e959000 	C:\Program Files\Android\Android Studio\jbr\bin\management.dll
0x00007ffe1e900000 - 0x00007ffe1e90b000 	C:\Program Files\Android\Android Studio\jbr\bin\management_ext.dll
0x00007ffe2ee00000 - 0x00007ffe2ee08000 	C:\WINDOWS\System32\PSAPI.DLL
0x00007ffe2b9b0000 - 0x00007ffe2b9cb000 	C:\WINDOWS\SYSTEM32\CRYPTSP.dll
0x00007ffe2b250000 - 0x00007ffe2b285000 	C:\WINDOWS\system32\rsaenh.dll
0x00007ffe2b850000 - 0x00007ffe2b878000 	C:\WINDOWS\SYSTEM32\USERENV.dll
0x00007ffe2bb70000 - 0x00007ffe2bb98000 	C:\WINDOWS\SYSTEM32\bcrypt.dll
0x00007ffe2b9d0000 - 0x00007ffe2b9dc000 	C:\WINDOWS\SYSTEM32\CRYPTBASE.dll
0x00007ffe2ae00000 - 0x00007ffe2ae2d000 	C:\WINDOWS\SYSTEM32\IPHLPAPI.DLL
0x00007ffe2db20000 - 0x00007ffe2db29000 	C:\WINDOWS\System32\NSI.dll
0x00007ffe24540000 - 0x00007ffe24559000 	C:\WINDOWS\SYSTEM32\dhcpcsvc6.DLL
0x00007ffe23e50000 - 0x00007ffe23e6f000 	C:\WINDOWS\SYSTEM32\dhcpcsvc.DLL
0x00007ffe2ae30000 - 0x00007ffe2af23000 	C:\WINDOWS\SYSTEM32\DNSAPI.dll
0x00007ffe18930000 - 0x00007ffe18938000 	C:\WINDOWS\system32\wshunix.dll

dbghelp: loaded successfully - version: 4.0.5 - missing functions: none
symbol engine: initialized successfully - sym options: 0x614 - pdb path: .;C:\Program Files\Android\Android Studio\jbr\bin;C:\WINDOWS\SYSTEM32;C:\WINDOWS\WinSxS\amd64_microsoft.windows.common-controls_6595b64144ccf1df_6.0.22621.608_none_a9444ca7c10bb01d;C:\Program Files\Android\Android Studio\jbr\bin\server;C:\Users\lenovo\.gradle\native\e1d6ef7f7dcc3fd88c89a11ec53ec762bb8ba0a96d01ffa2cd45eb1d1d8dd5c5\windows-amd64;C:\Users\lenovo\.gradle\native\0d407fdbe67a94daf76414ababcb853783967236a71b16ec16e742cd7a986fd3\windows-amd64

VM Arguments:
jvm_args: --add-opens=java.base/java.util=ALL-UNNAMED --add-opens=java.base/java.lang=ALL-UNNAMED --add-opens=java.base/java.lang.invoke=ALL-UNNAMED --add-opens=java.base/java.util=ALL-UNNAMED --add-opens=java.prefs/java.util.prefs=ALL-UNNAMED --add-opens=java.prefs/java.util.prefs=ALL-UNNAMED --add-opens=java.base/java.nio.charset=ALL-UNNAMED --add-opens=java.base/java.net=ALL-UNNAMED --add-opens=java.base/java.util.concurrent.atomic=ALL-UNNAMED -Xmx1024m -Dfile.encoding=windows-1252 -Duser.country=IN -Duser.language=en -Duser.variant 
java_command: org.gradle.launcher.daemon.bootstrap.GradleDaemon 7.5
java_class_path (initial): C:\Users\lenovo\.gradle\wrapper\dists\gradle-7.5-bin\f1w0cc9nuo0eivz97x2xlu9sv\gradle-7.5\lib\gradle-launcher-7.5.jar
Launcher Type: SUN_STANDARD

[Global flags]
     intx CICompilerCount                          = 3                                         {product} {ergonomic}
     uint ConcGCThreads                            = 1                                         {product} {ergonomic}
     uint G1ConcRefinementThreads                  = 4                                         {product} {ergonomic}
   size_t G1HeapRegionSize                         = 1048576                                   {product} {ergonomic}
    uintx GCDrainStackTargetSize                   = 64                                        {product} {ergonomic}
   size_t InitialHeapSize                          = 100663296                                 {product} {ergonomic}
   size_t MarkStackSize                            = 4194304                                   {product} {ergonomic}
   size_t MaxHeapSize                              = 1073741824                                {product} {command line}
   size_t MaxNewSize                               = 643825664                                 {product} {ergonomic}
   size_t MinHeapDeltaBytes                        = 1048576                                   {product} {ergonomic}
   size_t MinHeapSize                              = 8388608                                   {product} {ergonomic}
    uintx NonNMethodCodeHeapSize                   = 5832780                                {pd product} {ergonomic}
    uintx NonProfiledCodeHeapSize                  = 122912730                              {pd product} {ergonomic}
    uintx ProfiledCodeHeapSize                     = 122912730                              {pd product} {ergonomic}
    uintx ReservedCodeCacheSize                    = 251658240                              {pd product} {ergonomic}
     bool SegmentedCodeCache                       = true                                      {product} {ergonomic}
   size_t SoftMaxHeapSize                          = 1073741824                             {manageable} {ergonomic}
     bool UseCompressedClassPointers               = true                           {product lp64_product} {ergonomic}
     bool UseCompressedOops                        = true                           {product lp64_product} {ergonomic}
     bool UseG1GC                                  = true                                      {product} {ergonomic}
     bool UseLargePagesIndividualAllocation        = false                                  {pd product} {ergonomic}

Logging:
Log output configuration:
 #0: stdout all=warning uptime,level,tags
 #1: stderr all=off uptime,level,tags

Environment Variables:
PATH=C:\Program Files\Common Files\Oracle\Java\javapath;C:\Program Files (x86)\Common Files\Oracle\Java\javapath;C:\WINDOWS\system32;C:\WINDOWS;C:\WINDOWS\System32\Wbem;C:\WINDOWS\System32\WindowsPowerShell\v1.0\;C:\WINDOWS\System32\OpenSSH\;C:\Program Files (x86)\MySQL\MySQL Fabric 1.5.4 & MySQL Utilities 1.5.4 1.5\;C:\Program Files (x86)\MySQL\MySQL Fabric 1.5.4 & MySQL Utilities 1.5.4 1.5\Doctrine extensions for PHP\;C:\Program Files\Java\jdk1.8.0_211\bin;C:\Program Files\MiKTeX 2.9\miktex\bin\x64\;C:\Users\lenovo\AppData\Local\Programs\Python\Python310\Scripts\;C:\Users\lenovo\AppData\Local\Programs\Python\Python310\;C:\Users\lenovo\AppData\Local\Microsoft\WindowsApps;C:\Program Files\Java\jdk1.8.0_211\bin;
USERNAME=lenovo
OS=Windows_NT
PROCESSOR_IDENTIFIER=AMD64 Family 23 Model 24 Stepping 1, AuthenticAMD
TMP=C:\Users\lenovo\AppData\Local\Temp
TEMP=C:\Users\lenovo\AppData\Local\Temp



---------------  S Y S T E M  ---------------

OS:
 Windows 11 , 64 bit Build 22621 (10.0.22621.1485)
OS uptime: 4 days 20:25 hours

CPU: total 4 (initial active 4) (4 cores per cpu, 2 threads per core) family 23 model 24 stepping 1 microcode 0x0, cx8, cmov, fxsr, ht, mmx, 3dnowpref, sse, sse2, sse3, ssse3, sse4a, sse4.1, sse4.2, popcnt, lzcnt, tsc, tscinvbit, avx, avx2, aes, clmul, bmi1, bmi2, adx, sha, fma, vzeroupper, clflush, clflushopt

Memory: 4k page, system-wide physical 6020M (608M free)
TotalPageFile size 10116M (AvailPageFile size 6M)
current process WorkingSet (physical memory assigned to process): 177M, peak: 181M
current process commit charge ("private bytes"): 214M, peak: 220M

vm_info: OpenJDK 64-Bit Server VM (17.0.6+0-b2043.56-9586694) for windows-amd64 JRE (17.0.6+0-b2043.56-9586694), built on Feb  9 2023 20:06:20 by "androidbuild" with MS VC++ 16.10 / 16.11 (VS2019)

END.
